<?xml version="1.0" encoding="UTF-8"?>
<coverage generated="1782401557978" clover="3.2.0">
  <project timestamp="1782401557978" name="All files">
    <metrics statements="318" coveredstatements="251" conditionals="308" coveredconditionals="159" methods="94" coveredmethods="65" elements="720" coveredelements="475" complexity="0" loc="318" ncloc="318" packages="3" files="9" classes="9"/>
    <package name="components.cart">
      <metrics statements="53" coveredstatements="45" conditionals="39" coveredconditionals="18" methods="14" coveredmethods="9"/>
      <file name="utils.ts" path="/Users/shivamgarg/Desktop/projects/ramnath-pansari/components/cart/utils.ts">
        <metrics statements="53" coveredstatements="45" conditionals="39" coveredconditionals="18" methods="14" coveredmethods="9"/>
        <line num="4" count="3" type="cond" truecount="0" falsecount="1"/>
        <line num="5" count="5" type="stmt"/>
        <line num="6" count="5" type="cond" truecount="1" falsecount="1"/>
        <line num="14" count="5" type="stmt"/>
        <line num="18" count="3" type="cond" truecount="0" falsecount="1"/>
        <line num="19" count="0" type="stmt"/>
        <line num="20" count="0" type="cond" truecount="0" falsecount="2"/>
        <line num="28" count="0" type="stmt"/>
        <line num="33" count="3" type="cond" truecount="0" falsecount="1"/>
        <line num="34" count="0" type="stmt"/>
        <line num="37" count="3" type="cond" truecount="0" falsecount="1"/>
        <line num="38" count="0" type="stmt"/>
        <line num="40" count="3" type="stmt"/>
        <line num="41" count="65" type="cond" truecount="1" falsecount="1"/>
        <line num="43" count="3" type="stmt"/>
        <line num="44" count="11" type="stmt"/>
        <line num="45" count="11" type="stmt"/>
        <line num="48" count="11" type="stmt"/>
        <line num="51" count="11" type="stmt"/>
        <line num="57" count="11" type="stmt"/>
        <line num="58" count="10" type="stmt"/>
        <line num="60" count="10" type="cond" truecount="1" falsecount="1"/>
        <line num="62" count="10" type="cond" truecount="2" falsecount="0"/>
        <line num="66" count="3" type="stmt"/>
        <line num="75" count="10" type="stmt"/>
        <line num="80" count="11" type="stmt"/>
        <line num="81" count="1" type="stmt"/>
        <line num="87" count="11" type="stmt"/>
        <line num="90" count="3" type="stmt"/>
        <line num="91" count="0" type="cond" truecount="0" falsecount="4"/>
        <line num="99" count="3" type="stmt"/>
        <line num="100" count="11" type="stmt"/>
        <line num="101" count="11" type="stmt"/>
        <line num="104" count="11" type="stmt"/>
        <line num="106" count="11" type="stmt"/>
        <line num="111" count="11" type="stmt"/>
        <line num="112" count="12" type="stmt"/>
        <line num="114" count="12" type="cond" truecount="2" falsecount="0"/>
        <line num="115" count="11" type="cond" truecount="1" falsecount="1"/>
        <line num="116" count="11" type="cond" truecount="1" falsecount="1"/>
        <line num="119" count="11" type="cond" truecount="2" falsecount="0"/>
        <line num="120" count="4" type="cond" truecount="1" falsecount="1"/>
        <line num="121" count="4" type="cond" truecount="1" falsecount="1"/>
        <line num="122" count="4" type="stmt"/>
        <line num="125" count="4" type="cond" truecount="2" falsecount="0"/>
        <line num="126" count="2" type="stmt"/>
        <line num="132" count="2" type="cond" truecount="1" falsecount="1"/>
        <line num="136" count="2" type="stmt"/>
        <line num="145" count="2" type="stmt"/>
        <line num="151" count="0" type="cond" truecount="0" falsecount="2"/>
        <line num="152" count="0" type="stmt"/>
        <line num="164" count="11" type="stmt"/>
        <line num="168" count="11" type="stmt"/>
      </file>
    </package>
    <package name="constants">
      <metrics statements="6" coveredstatements="6" conditionals="0" coveredconditionals="0" methods="0" coveredmethods="0"/>
      <file name="Delivery.ts" path="/Users/shivamgarg/Desktop/projects/ramnath-pansari/constants/Delivery.ts">
        <metrics statements="3" coveredstatements="3" conditionals="0" coveredconditionals="0" methods="0" coveredmethods="0"/>
        <line num="1" count="5" type="stmt"/>
        <line num="7" count="5" type="stmt"/>
        <line num="10" count="5" type="stmt"/>
      </file>
      <file name="StoreConfig.ts" path="/Users/shivamgarg/Desktop/projects/ramnath-pansari/constants/StoreConfig.ts">
        <metrics statements="3" coveredstatements="3" conditionals="0" coveredconditionals="0" methods="0" coveredmethods="0"/>
        <line num="1" count="3" type="stmt"/>
        <line num="7" count="3" type="stmt"/>
        <line num="13" count="3" type="stmt"/>
      </file>
    </package>
    <package name="utils">
      <metrics statements="259" coveredstatements="200" conditionals="269" coveredconditionals="141" methods="80" coveredmethods="56"/>
      <file name="cartOfferUtils.ts" path="/Users/shivamgarg/Desktop/projects/ramnath-pansari/utils/cartOfferUtils.ts">
        <metrics statements="57" coveredstatements="37" conditionals="75" coveredconditionals="24" methods="24" coveredmethods="14"/>
        <line num="11" count="65" type="stmt"/>
        <line num="15" count="41" type="stmt"/>
        <line num="20" count="0" type="cond" truecount="0" falsecount="2"/>
        <line num="21" count="0" type="cond" truecount="0" falsecount="2"/>
        <line num="25" count="0" type="stmt"/>
        <line num="29" count="15" type="stmt"/>
        <line num="37" count="0" type="stmt"/>
        <line num="38" count="0" type="cond" truecount="0" falsecount="3"/>
        <line num="40" count="0" type="stmt"/>
        <line num="47" count="0" type="stmt"/>
        <line num="55" count="4" type="cond" truecount="2" falsecount="0"/>
        <line num="58" count="4" type="cond" truecount="2" falsecount="0"/>
        <line num="59" count="2" type="stmt"/>
        <line num="61" count="4" type="stmt"/>
        <line num="69" count="6" type="stmt"/>
        <line num="70" count="3" type="stmt"/>
        <line num="72" count="3" type="stmt"/>
        <line num="73" count="9" type="cond" truecount="4" falsecount="0"/>
        <line num="74" count="7" type="cond" truecount="4" falsecount="0"/>
        <line num="75" count="4" type="stmt"/>
        <line num="83" count="3" type="stmt"/>
        <line num="91" count="2" type="stmt"/>
        <line num="93" count="2" type="stmt"/>
        <line num="99" count="4" type="cond" truecount="1" falsecount="2"/>
        <line num="100" count="4" type="cond" truecount="1" falsecount="1"/>
        <line num="104" count="4" type="cond" truecount="2" falsecount="1"/>
        <line num="128" count="11" type="stmt"/>
        <line num="129" count="11" type="stmt"/>
        <line num="130" count="11" type="stmt"/>
        <line num="132" count="11" type="stmt"/>
        <line num="133" count="11" type="stmt"/>
        <line num="135" count="11" type="stmt"/>
        <line num="136" count="3" type="stmt"/>
        <line num="137" count="3" type="stmt"/>
        <line num="139" count="3" type="cond" truecount="2" falsecount="0"/>
        <line num="140" count="2" type="stmt"/>
        <line num="145" count="2" type="stmt"/>
        <line num="148" count="1" type="stmt"/>
        <line num="149" count="1" type="stmt"/>
        <line num="150" count="1" type="cond" truecount="1" falsecount="1"/>
        <line num="151" count="1" type="stmt"/>
        <line num="157" count="1" type="stmt"/>
        <line num="160" count="11" type="stmt"/>
        <line num="166" count="11" type="stmt"/>
        <line num="171" count="0" type="stmt"/>
        <line num="172" count="0" type="stmt"/>
        <line num="173" count="0" type="cond" truecount="0" falsecount="2"/>
        <line num="174" count="0" type="cond" truecount="0" falsecount="2"/>
        <line num="175" count="0" type="cond" truecount="0" falsecount="2"/>
        <line num="176" count="0" type="stmt"/>
        <line num="183" count="0" type="stmt"/>
        <line num="184" count="0" type="cond" truecount="0" falsecount="2"/>
        <line num="185" count="0" type="cond" truecount="0" falsecount="3"/>
        <line num="186" count="0" type="stmt"/>
        <line num="187" count="0" type="cond" truecount="0" falsecount="2"/>
        <line num="188" count="0" type="cond" truecount="0" falsecount="2"/>
        <line num="189" count="0" type="stmt"/>
      </file>
      <file name="checkoutFlowTestHelpers.ts" path="/Users/shivamgarg/Desktop/projects/ramnath-pansari/utils/checkoutFlowTestHelpers.ts">
        <metrics statements="8" coveredstatements="8" conditionals="3" coveredconditionals="2" methods="3" coveredmethods="3"/>
        <line num="6" count="2" type="stmt"/>
        <line num="7" count="2" type="stmt"/>
        <line num="16" count="32" type="stmt"/>
        <line num="32" count="18" type="stmt"/>
        <line num="33" count="18" type="stmt"/>
        <line num="34" count="18" type="stmt"/>
        <line num="36" count="18" type="stmt"/>
        <line num="59" count="32" type="stmt"/>
      </file>
      <file name="deliveryFee.ts" path="/Users/shivamgarg/Desktop/projects/ramnath-pansari/utils/deliveryFee.ts">
        <metrics statements="15" coveredstatements="10" conditionals="15" coveredconditionals="11" methods="9" coveredmethods="6"/>
        <line num="14" count="58" type="stmt"/>
        <line num="22" count="5" type="stmt"/>
        <line num="26" count="0" type="stmt"/>
        <line num="33" count="7" type="stmt"/>
        <line num="34" count="7" type="cond" truecount="3" falsecount="1"/>
        <line num="35" count="7" type="cond" truecount="2" falsecount="0"/>
        <line num="42" count="5" type="stmt"/>
        <line num="49" count="5" type="stmt"/>
        <line num="56" count="0" type="stmt"/>
        <line num="57" count="0" type="stmt"/>
        <line num="64" count="0" type="stmt"/>
        <line num="65" count="0" type="stmt"/>
        <line num="72" count="16" type="stmt"/>
        <line num="73" count="16" type="stmt"/>
        <line num="74" count="16" type="stmt"/>
      </file>
      <file name="offerMilestones.ts" path="/Users/shivamgarg/Desktop/projects/ramnath-pansari/utils/offerMilestones.ts">
        <metrics statements="44" coveredstatements="26" conditionals="57" coveredconditionals="20" methods="20" coveredmethods="13"/>
        <line num="6" count="9" type="cond" truecount="1" falsecount="1"/>
        <line num="19" count="0" type="stmt"/>
        <line num="31" count="2" type="stmt"/>
        <line num="32" count="4" type="stmt"/>
        <line num="33" count="2" type="stmt"/>
        <line num="34" count="4" type="stmt"/>
        <line num="49" count="0" type="stmt"/>
        <line num="57" count="0" type="stmt"/>
        <line num="58" count="0" type="cond" truecount="0" falsecount="2"/>
        <line num="59" count="0" type="stmt"/>
        <line num="61" count="0" type="stmt"/>
        <line num="68" count="0" type="stmt"/>
        <line num="69" count="0" type="cond" truecount="0" falsecount="2"/>
        <line num="70" count="0" type="stmt"/>
        <line num="78" count="0" type="stmt"/>
        <line num="101" count="8" type="cond" truecount="3" falsecount="1"/>
        <line num="102" count="8" type="stmt"/>
        <line num="108" count="6" type="cond" truecount="1" falsecount="1"/>
        <line num="110" count="0" type="cond" truecount="0" falsecount="2"/>
        <line num="112" count="0" type="cond" truecount="0" falsecount="2"/>
        <line num="115" count="0" type="stmt"/>
        <line num="118" count="0" type="cond" truecount="0" falsecount="2"/>
        <line num="125" count="1" type="cond" truecount="1" falsecount="2"/>
        <line num="127" count="1" type="cond" truecount="1" falsecount="1"/>
        <line num="128" count="0" type="cond" truecount="0" falsecount="2"/>
        <line num="131" count="1" type="cond" truecount="1" falsecount="1"/>
        <line num="132" count="1" type="cond" truecount="1" falsecount="1"/>
        <line num="137" count="0" type="cond" truecount="0" falsecount="2"/>
        <line num="142" count="8" type="stmt"/>
        <line num="144" count="8" type="cond" truecount="4" falsecount="0"/>
        <line num="145" count="6" type="stmt"/>
        <line num="148" count="2" type="stmt"/>
        <line num="149" count="2" type="cond" truecount="4" falsecount="0"/>
        <line num="150" count="1" type="stmt"/>
        <line num="153" count="1" type="stmt"/>
        <line num="160" count="1" type="stmt"/>
        <line num="161" count="2" type="stmt"/>
        <line num="164" count="1" type="cond" truecount="1" falsecount="1"/>
        <line num="166" count="1" type="stmt"/>
        <line num="167" count="3" type="stmt"/>
        <line num="168" count="2" type="stmt"/>
        <line num="170" count="1" type="stmt"/>
        <line num="180" count="0" type="cond" truecount="0" falsecount="2"/>
        <line num="181" count="0" type="stmt"/>
      </file>
      <file name="runCheckoutFlow.ts" path="/Users/shivamgarg/Desktop/projects/ramnath-pansari/utils/runCheckoutFlow.ts">
        <metrics statements="96" coveredstatements="92" conditionals="82" coveredconditionals="52" methods="8" coveredmethods="8"/>
        <line num="114" count="1" type="cond" truecount="1" falsecount="1"/>
        <line num="116" count="1" type="cond" truecount="1" falsecount="1"/>
        <line num="119" count="1" type="cond" truecount="1" falsecount="1"/>
        <line num="129" count="2" type="stmt"/>
        <line num="130" count="2" type="cond" truecount="1" falsecount="1"/>
        <line num="131" count="2" type="cond" truecount="1" falsecount="1"/>
        <line num="134" count="2" type="stmt"/>
        <line num="136" count="2" type="cond" truecount="1" falsecount="1"/>
        <line num="137" count="0" type="stmt"/>
        <line num="139" count="2" type="cond" truecount="1" falsecount="1"/>
        <line num="140" count="0" type="cond" truecount="0" falsecount="2"/>
        <line num="141" count="0" type="stmt"/>
        <line num="143" count="0" type="stmt"/>
        <line num="145" count="2" type="stmt"/>
        <line num="171" count="18" type="stmt"/>
        <line num="173" count="18" type="stmt"/>
        <line num="175" count="18" type="stmt"/>
        <line num="176" count="7" type="cond" truecount="1" falsecount="1"/>
        <line num="177" count="7" type="stmt"/>
        <line num="178" count="7" type="stmt"/>
        <line num="179" count="7" type="stmt"/>
        <line num="180" count="7" type="stmt"/>
        <line num="186" count="18" type="stmt"/>
        <line num="189" count="5" type="stmt"/>
        <line num="190" count="5" type="stmt"/>
        <line num="193" count="18" type="stmt"/>
        <line num="194" count="18" type="stmt"/>
        <line num="198" count="18" type="stmt"/>
        <line num="200" count="18" type="stmt"/>
        <line num="201" count="18" type="stmt"/>
        <line num="202" count="18" type="stmt"/>
        <line num="203" count="18" type="stmt"/>
        <line num="204" count="17" type="cond" truecount="1" falsecount="1"/>
        <line num="209" count="18" type="stmt"/>
        <line num="210" count="18" type="stmt"/>
        <line num="211" count="18" type="stmt"/>
        <line num="212" count="18" type="stmt"/>
        <line num="213" count="18" type="stmt"/>
        <line num="220" count="18" type="cond" truecount="4" falsecount="0"/>
        <line num="221" count="17" type="stmt"/>
        <line num="224" count="18" type="stmt"/>
        <line num="225" count="18" type="stmt"/>
        <line num="226" count="18" type="stmt"/>
        <line num="227" count="18" type="stmt"/>
        <line num="228" count="18" type="stmt"/>
        <line num="235" count="18" type="cond" truecount="1" falsecount="1"/>
        <line num="236" count="18" type="stmt"/>
        <line num="239" count="18" type="cond" truecount="2" falsecount="0"/>
        <line num="240" count="2" type="stmt"/>
        <line num="249" count="16" type="cond" truecount="2" falsecount="0"/>
        <line num="252" count="16" type="cond" truecount="2" falsecount="0"/>
        <line num="256" count="1" type="stmt"/>
        <line num="265" count="15" type="cond" truecount="2" falsecount="0"/>
        <line num="271" count="1" type="stmt"/>
        <line num="280" count="14" type="stmt"/>
        <line num="284" count="14" type="stmt"/>
        <line num="288" count="14" type="stmt"/>
        <line num="291" count="14" type="stmt"/>
        <line num="292" count="14" type="stmt"/>
        <line num="293" count="11" type="stmt"/>
        <line num="294" count="11" type="stmt"/>
        <line num="297" count="3" type="stmt"/>
        <line num="301" count="3" type="stmt"/>
        <line num="303" count="3" type="cond" truecount="4" falsecount="0"/>
        <line num="304" count="2" type="stmt"/>
        <line num="305" count="2" type="stmt"/>
        <line num="306" count="2" type="stmt"/>
        <line num="311" count="1" type="stmt"/>
        <line num="321" count="1" type="stmt"/>
        <line num="331" count="1" type="cond" truecount="1" falsecount="2"/>
        <line num="335" count="1" type="stmt"/>
        <line num="343" count="11" type="stmt"/>
        <line num="344" count="9" type="stmt"/>
        <line num="346" count="9" type="stmt"/>
        <line num="347" count="9" type="stmt"/>
        <line num="349" count="9" type="cond" truecount="1" falsecount="1"/>
        <line num="350" count="9" type="stmt"/>
        <line num="354" count="9" type="stmt"/>
        <line num="358" count="9" type="stmt"/>
        <line num="360" count="9" type="cond" truecount="2" falsecount="0"/>
        <line num="361" count="1" type="stmt"/>
        <line num="362" count="1" type="stmt"/>
        <line num="374" count="8" type="cond" truecount="2" falsecount="0"/>
        <line num="380" count="2" type="stmt"/>
        <line num="389" count="6" type="cond" truecount="3" falsecount="1"/>
        <line num="390" count="1" type="stmt"/>
        <line num="391" count="1" type="stmt"/>
        <line num="400" count="5" type="cond" truecount="3" falsecount="1"/>
        <line num="401" count="1" type="stmt"/>
        <line num="410" count="4" type="cond" truecount="1" falsecount="2"/>
        <line num="411" count="4" type="stmt"/>
        <line num="421" count="4" type="cond" truecount="1" falsecount="1"/>
        <line num="422" count="4" type="stmt"/>
        <line num="424" count="4" type="stmt"/>
        <line num="431" count="2" type="stmt"/>
        <line num="432" count="2" type="stmt"/>
      </file>
      <file name="storeConfig.ts" path="/Users/shivamgarg/Desktop/projects/ramnath-pansari/utils/storeConfig.ts">
        <metrics statements="39" coveredstatements="27" conditionals="37" coveredconditionals="32" methods="16" coveredmethods="12"/>
        <line num="28" count="135" type="stmt"/>
        <line num="38" count="98" type="stmt"/>
        <line num="50" count="98" type="stmt"/>
        <line num="58" count="74" type="stmt"/>
        <line num="59" count="74" type="cond" truecount="2" falsecount="2"/>
        <line num="63" count="37" type="stmt"/>
        <line num="69" count="37" type="stmt"/>
        <line num="70" count="37" type="cond" truecount="1" falsecount="1"/>
        <line num="71" count="111" type="cond" truecount="1" falsecount="1"/>
        <line num="72" count="37" type="stmt"/>
        <line num="79" count="37" type="stmt"/>
        <line num="80" count="37" type="stmt"/>
        <line num="81" count="37" type="stmt"/>
        <line num="82" count="37" type="stmt"/>
        <line num="83" count="37" type="cond" truecount="2" falsecount="0"/>
        <line num="90" count="39" type="stmt"/>
        <line num="91" count="39" type="cond" truecount="2" falsecount="0"/>
        <line num="92" count="35" type="stmt"/>
        <line num="96" count="0" type="stmt"/>
        <line num="97" count="0" type="stmt"/>
        <line num="103" count="3" type="stmt"/>
        <line num="104" count="3" type="cond" truecount="2" falsecount="0"/>
        <line num="105" count="2" type="stmt"/>
        <line num="107" count="1" type="stmt"/>
        <line num="115" count="2" type="cond" truecount="2" falsecount="0"/>
        <line num="116" count="1" type="stmt"/>
        <line num="125" count="0" type="stmt"/>
        <line num="126" count="0" type="stmt"/>
        <line num="127" count="0" type="stmt"/>
        <line num="128" count="0" type="stmt"/>
        <line num="130" count="0" type="stmt"/>
        <line num="132" count="0" type="stmt"/>
        <line num="133" count="0" type="stmt"/>
        <line num="140" count="0" type="stmt"/>
        <line num="141" count="0" type="stmt"/>
        <line num="147" count="0" type="stmt"/>
        <line num="157" count="17" type="stmt"/>
        <line num="158" count="17" type="stmt"/>
        <line num="159" count="17" type="stmt"/>
      </file>
    </package>
  </project>
</coverage>
