{"/Users/shivamgarg/Desktop/projects/ramnath-pansari/components/cart/utils.ts": {"path":"/Users/shivamgarg/Desktop/projects/ramnath-pansari/components/cart/utils.ts","statementMap":{"0":{"start":{"line":4,"column":36},"end":{"line":16,"column":1}},"1":{"start":{"line":5,"column":2},"end":{"line":15,"column":8}},"2":{"start":{"line":6,"column":25},"end":{"line":12,"column":9}},"3":{"start":{"line":14,"column":4},"end":{"line":14,"column":56}},"4":{"start":{"line":18,"column":39},"end":{"line":30,"column":1}},"5":{"start":{"line":19,"column":2},"end":{"line":29,"column":8}},"6":{"start":{"line":20,"column":25},"end":{"line":26,"column":9}},"7":{"start":{"line":28,"column":4},"end":{"line":28,"column":56}},"8":{"start":{"line":33,"column":35},"end":{"line":34,"column":56}},"9":{"start":{"line":34,"column":2},"end":{"line":34,"column":56}},"10":{"start":{"line":37,"column":40},"end":{"line":38,"column":53}},"11":{"start":{"line":38,"column":2},"end":{"line":38,"column":53}},"12":{"start":{"line":40,"column":31},"end":{"line":41,"column":44}},"13":{"start":{"line":41,"column":2},"end":{"line":41,"column":44}},"14":{"start":{"line":43,"column":31},"end":{"line":88,"column":1}},"15":{"start":{"line":44,"column":23},"end":{"line":44,"column":25}},"16":{"start":{"line":45,"column":23},"end":{"line":45,"column":25}},"17":{"start":{"line":48,"column":23},"end":{"line":53,"column":3}},"18":{"start":{"line":51,"column":6},"end":{"line":51,"column":60}},"19":{"start":{"line":57,"column":2},"end":{"line":77,"column":5}},"20":{"start":{"line":58,"column":21},"end":{"line":58,"column":81}},"21":{"start":{"line":60,"column":4},"end":{"line":76,"column":5}},"22":{"start":{"line":62,"column":6},"end":{"line":72,"column":7}},"23":{"start":{"line":66,"column":8},"end":{"line":71,"column":11}},"24":{"start":{"line":75,"column":6},"end":{"line":75,"column":70}},"25":{"start":{"line":80,"column":2},"end":{"line":86,"column":3}},"26":{"start":{"line":81,"column":4},"end":{"line":85,"column":7}},"27":{"start":{"line":87,"column":2},"end":{"line":87,"column":40}},"28":{"start":{"line":90,"column":34},"end":{"line":92,"column":1}},"29":{"start":{"line":91,"column":2},"end":{"line":91,"column":176}},"30":{"start":{"line":99,"column":38},"end":{"line":169,"column":1}},"31":{"start":{"line":100,"column":29},"end":{"line":100,"column":31}},"32":{"start":{"line":101,"column":24},"end":{"line":101,"column":26}},"33":{"start":{"line":104,"column":23},"end":{"line":108,"column":3}},"34":{"start":{"line":106,"column":6},"end":{"line":106,"column":60}},"35":{"start":{"line":111,"column":2},"end":{"line":166,"column":5}},"36":{"start":{"line":112,"column":21},"end":{"line":112,"column":81}},"37":{"start":{"line":114,"column":4},"end":{"line":165,"column":5}},"38":{"start":{"line":115,"column":30},"end":{"line":115,"column":71}},"39":{"start":{"line":116,"column":30},"end":{"line":116,"column":71}},"40":{"start":{"line":119,"column":6},"end":{"line":161,"column":7}},"41":{"start":{"line":120,"column":24},"end":{"line":120,"column":46}},"42":{"start":{"line":121,"column":24},"end":{"line":121,"column":46}},"43":{"start":{"line":122,"column":29},"end":{"line":122,"column":46}},"44":{"start":{"line":125,"column":8},"end":{"line":160,"column":9}},"45":{"start":{"line":126,"column":10},"end":{"line":131,"column":13}},"46":{"start":{"line":132,"column":15},"end":{"line":160,"column":9}},"47":{"start":{"line":136,"column":10},"end":{"line":144,"column":13}},"48":{"start":{"line":145,"column":10},"end":{"line":150,"column":13}},"49":{"start":{"line":151,"column":15},"end":{"line":160,"column":9}},"50":{"start":{"line":152,"column":10},"end":{"line":159,"column":13}},"51":{"start":{"line":164,"column":6},"end":{"line":164,"column":70}},"52":{"start":{"line":168,"column":2},"end":{"line":168,"column":47}}},"fnMap":{"0":{"name":"(anonymous_0)","decl":{"start":{"line":4,"column":36},"end":{"line":4,"column":37}},"loc":{"start":{"line":4,"column":75},"end":{"line":16,"column":1}},"line":4},"1":{"name":"(anonymous_1)","decl":{"start":{"line":5,"column":26},"end":{"line":5,"column":27}},"loc":{"start":{"line":5,"column":46},"end":{"line":15,"column":3}},"line":5},"2":{"name":"(anonymous_2)","decl":{"start":{"line":18,"column":39},"end":{"line":18,"column":40}},"loc":{"start":{"line":18,"column":78},"end":{"line":30,"column":1}},"line":18},"3":{"name":"(anonymous_3)","decl":{"start":{"line":19,"column":26},"end":{"line":19,"column":27}},"loc":{"start":{"line":19,"column":46},"end":{"line":29,"column":3}},"line":19},"4":{"name":"(anonymous_4)","decl":{"start":{"line":33,"column":35},"end":{"line":33,"column":36}},"loc":{"start":{"line":34,"column":2},"end":{"line":34,"column":56}},"line":34},"5":{"name":"(anonymous_5)","decl":{"start":{"line":37,"column":40},"end":{"line":37,"column":41}},"loc":{"start":{"line":38,"column":2},"end":{"line":38,"column":53}},"line":38},"6":{"name":"(anonymous_6)","decl":{"start":{"line":40,"column":31},"end":{"line":40,"column":32}},"loc":{"start":{"line":41,"column":2},"end":{"line":41,"column":44}},"line":41},"7":{"name":"(anonymous_7)","decl":{"start":{"line":43,"column":31},"end":{"line":43,"column":32}},"loc":{"start":{"line":43,"column":55},"end":{"line":88,"column":1}},"line":43},"8":{"name":"(anonymous_8)","decl":{"start":{"line":49,"column":31},"end":{"line":49,"column":32}},"loc":{"start":{"line":49,"column":41},"end":{"line":52,"column":5}},"line":49},"9":{"name":"(anonymous_9)","decl":{"start":{"line":57,"column":32},"end":{"line":57,"column":33}},"loc":{"start":{"line":57,"column":46},"end":{"line":77,"column":3}},"line":57},"10":{"name":"(anonymous_10)","decl":{"start":{"line":90,"column":34},"end":{"line":90,"column":35}},"loc":{"start":{"line":90,"column":76},"end":{"line":92,"column":1}},"line":90},"11":{"name":"(anonymous_11)","decl":{"start":{"line":99,"column":38},"end":{"line":99,"column":39}},"loc":{"start":{"line":99,"column":62},"end":{"line":169,"column":1}},"line":99},"12":{"name":"(anonymous_12)","decl":{"start":{"line":105,"column":31},"end":{"line":105,"column":32}},"loc":{"start":{"line":105,"column":41},"end":{"line":107,"column":5}},"line":105},"13":{"name":"(anonymous_13)","decl":{"start":{"line":111,"column":32},"end":{"line":111,"column":33}},"loc":{"start":{"line":111,"column":46},"end":{"line":166,"column":3}},"line":111}},"branchMap":{"0":{"loc":{"start":{"line":4,"column":37},"end":{"line":4,"column":62}},"type":"default-arg","locations":[{"start":{"line":4,"column":60},"end":{"line":4,"column":62}}],"line":4},"1":{"loc":{"start":{"line":6,"column":25},"end":{"line":12,"column":9}},"type":"cond-expr","locations":[{"start":{"line":7,"column":8},"end":{"line":11,"column":9}},{"start":{"line":12,"column":8},"end":{"line":12,"column":9}}],"line":6},"2":{"loc":{"start":{"line":18,"column":40},"end":{"line":18,"column":65}},"type":"default-arg","locations":[{"start":{"line":18,"column":63},"end":{"line":18,"column":65}}],"line":18},"3":{"loc":{"start":{"line":20,"column":25},"end":{"line":26,"column":9}},"type":"cond-expr","locations":[{"start":{"line":21,"column":8},"end":{"line":25,"column":9}},{"start":{"line":26,"column":8},"end":{"line":26,"column":9}}],"line":20},"4":{"loc":{"start":{"line":33,"column":36},"end":{"line":33,"column":61}},"type":"default-arg","locations":[{"start":{"line":33,"column":59},"end":{"line":33,"column":61}}],"line":33},"5":{"loc":{"start":{"line":37,"column":41},"end":{"line":37,"column":66}},"type":"default-arg","locations":[{"start":{"line":37,"column":64},"end":{"line":37,"column":66}}],"line":37},"6":{"loc":{"start":{"line":41,"column":2},"end":{"line":41,"column":44}},"type":"cond-expr","locations":[{"start":{"line":41,"column":22},"end":{"line":41,"column":39}},{"start":{"line":41,"column":42},"end":{"line":41,"column":44}}],"line":41},"7":{"loc":{"start":{"line":60,"column":4},"end":{"line":76,"column":5}},"type":"if","locations":[{"start":{"line":60,"column":4},"end":{"line":76,"column":5}},{"start":{},"end":{}}],"line":60},"8":{"loc":{"start":{"line":62,"column":6},"end":{"line":72,"column":7}},"type":"if","locations":[{"start":{"line":62,"column":6},"end":{"line":72,"column":7}},{"start":{},"end":{}}],"line":62},"9":{"loc":{"start":{"line":91,"column":9},"end":{"line":91,"column":176}},"type":"binary-expr","locations":[{"start":{"line":91,"column":9},"end":{"line":91,"column":44}},{"start":{"line":91,"column":48},"end":{"line":91,"column":82}},{"start":{"line":91,"column":86},"end":{"line":91,"column":118}},{"start":{"line":91,"column":122},"end":{"line":91,"column":176}}],"line":91},"10":{"loc":{"start":{"line":114,"column":4},"end":{"line":165,"column":5}},"type":"if","locations":[{"start":{"line":114,"column":4},"end":{"line":165,"column":5}},{"start":{},"end":{}}],"line":114},"11":{"loc":{"start":{"line":115,"column":30},"end":{"line":115,"column":71}},"type":"binary-expr","locations":[{"start":{"line":115,"column":30},"end":{"line":115,"column":66}},{"start":{"line":115,"column":70},"end":{"line":115,"column":71}}],"line":115},"12":{"loc":{"start":{"line":116,"column":30},"end":{"line":116,"column":71}},"type":"binary-expr","locations":[{"start":{"line":116,"column":30},"end":{"line":116,"column":66}},{"start":{"line":116,"column":70},"end":{"line":116,"column":71}}],"line":116},"13":{"loc":{"start":{"line":119,"column":6},"end":{"line":161,"column":7}},"type":"if","locations":[{"start":{"line":119,"column":6},"end":{"line":161,"column":7}},{"start":{},"end":{}}],"line":119},"14":{"loc":{"start":{"line":120,"column":24},"end":{"line":120,"column":46}},"type":"binary-expr","locations":[{"start":{"line":120,"column":24},"end":{"line":120,"column":41}},{"start":{"line":120,"column":45},"end":{"line":120,"column":46}}],"line":120},"15":{"loc":{"start":{"line":121,"column":24},"end":{"line":121,"column":46}},"type":"binary-expr","locations":[{"start":{"line":121,"column":24},"end":{"line":121,"column":41}},{"start":{"line":121,"column":45},"end":{"line":121,"column":46}}],"line":121},"16":{"loc":{"start":{"line":125,"column":8},"end":{"line":160,"column":9}},"type":"if","locations":[{"start":{"line":125,"column":8},"end":{"line":160,"column":9}},{"start":{"line":132,"column":15},"end":{"line":160,"column":9}}],"line":125},"17":{"loc":{"start":{"line":132,"column":15},"end":{"line":160,"column":9}},"type":"if","locations":[{"start":{"line":132,"column":15},"end":{"line":160,"column":9}},{"start":{"line":151,"column":15},"end":{"line":160,"column":9}}],"line":132},"18":{"loc":{"start":{"line":133,"column":10},"end":{"line":134,"column":53}},"type":"binary-expr","locations":[{"start":{"line":133,"column":10},"end":{"line":133,"column":43}},{"start":{"line":134,"column":11},"end":{"line":134,"column":36}},{"start":{"line":134,"column":40},"end":{"line":134,"column":52}}],"line":133},"19":{"loc":{"start":{"line":151,"column":15},"end":{"line":160,"column":9}},"type":"if","locations":[{"start":{"line":151,"column":15},"end":{"line":160,"column":9}},{"start":{},"end":{}}],"line":151}},"s":{"0":3,"1":5,"2":5,"3":5,"4":3,"5":0,"6":0,"7":0,"8":3,"9":0,"10":3,"11":0,"12":3,"13":65,"14":3,"15":11,"16":11,"17":11,"18":11,"19":11,"20":10,"21":10,"22":10,"23":3,"24":10,"25":11,"26":1,"27":11,"28":3,"29":0,"30":3,"31":11,"32":11,"33":11,"34":11,"35":11,"36":12,"37":12,"38":11,"39":11,"40":11,"41":4,"42":4,"43":4,"44":4,"45":2,"46":2,"47":2,"48":2,"49":0,"50":0,"51":11,"52":11},"f":{"0":5,"1":5,"2":0,"3":0,"4":0,"5":0,"6":65,"7":11,"8":11,"9":10,"10":0,"11":11,"12":11,"13":12},"b":{"0":[0],"1":[5,0],"2":[0],"3":[0,0],"4":[0],"5":[0],"6":[65,0],"7":[10,0],"8":[3,7],"9":[0,0,0,0],"10":[11,1],"11":[11,0],"12":[11,0],"13":[4,7],"14":[4,0],"15":[4,0],"16":[2,2],"17":[2,0],"18":[2,2,0],"19":[0,0]},"_coverageSchema":"1a1c01bbd47fc00a2c39e90264f33305004495a9","hash":"76d0146df0c2662141a76062b1d8091cad81f24e"}
,"/Users/shivamgarg/Desktop/projects/ramnath-pansari/constants/Delivery.ts": {"path":"/Users/shivamgarg/Desktop/projects/ramnath-pansari/constants/Delivery.ts","statementMap":{"0":{"start":{"line":1,"column":41},"end":{"line":4,"column":10}},"1":{"start":{"line":7,"column":33},"end":{"line":7,"column":74}},"2":{"start":{"line":10,"column":28},"end":{"line":10,"column":65}}},"fnMap":{},"branchMap":{},"s":{"0":5,"1":5,"2":5},"f":{},"b":{},"_coverageSchema":"1a1c01bbd47fc00a2c39e90264f33305004495a9","hash":"0e15d214b762b9a9592da7361b373f160be6e880"}
,"/Users/shivamgarg/Desktop/projects/ramnath-pansari/constants/StoreConfig.ts": {"path":"/Users/shivamgarg/Desktop/projects/ramnath-pansari/constants/StoreConfig.ts","statementMap":{"0":{"start":{"line":1,"column":35},"end":{"line":5,"column":10}},"1":{"start":{"line":7,"column":39},"end":{"line":11,"column":10}},"2":{"start":{"line":13,"column":36},"end":{"line":17,"column":10}}},"fnMap":{},"branchMap":{},"s":{"0":3,"1":3,"2":3},"f":{},"b":{},"_coverageSchema":"1a1c01bbd47fc00a2c39e90264f33305004495a9","hash":"d0c8c6394019aa7d23045465879a6a827edb1f79"}
,"/Users/shivamgarg/Desktop/projects/ramnath-pansari/utils/cartOfferUtils.ts": {"path":"/Users/shivamgarg/Desktop/projects/ramnath-pansari/utils/cartOfferUtils.ts","statementMap":{"0":{"start":{"line":11,"column":2},"end":{"line":11,"column":39}},"1":{"start":{"line":15,"column":2},"end":{"line":15,"column":59}},"2":{"start":{"line":15,"column":32},"end":{"line":15,"column":57}},"3":{"start":{"line":20,"column":2},"end":{"line":20,"column":44}},"4":{"start":{"line":20,"column":32},"end":{"line":20,"column":44}},"5":{"start":{"line":21,"column":2},"end":{"line":21,"column":60}},"6":{"start":{"line":25,"column":2},"end":{"line":25,"column":56}},"7":{"start":{"line":25,"column":32},"end":{"line":25,"column":54}},"8":{"start":{"line":29,"column":2},"end":{"line":32,"column":6}},"9":{"start":{"line":29,"column":48},"end":{"line":32,"column":3}},"10":{"start":{"line":37,"column":2},"end":{"line":40,"column":59}},"11":{"start":{"line":38,"column":19},"end":{"line":38,"column":77}},"12":{"start":{"line":40,"column":32},"end":{"line":40,"column":57}},"13":{"start":{"line":47,"column":2},"end":{"line":47,"column":39}},"14":{"start":{"line":55,"column":4},"end":{"line":57,"column":45}},"15":{"start":{"line":58,"column":2},"end":{"line":60,"column":3}},"16":{"start":{"line":59,"column":4},"end":{"line":59,"column":52}},"17":{"start":{"line":61,"column":2},"end":{"line":61,"column":52}},"18":{"start":{"line":69,"column":17},"end":{"line":69,"column":70}},"19":{"start":{"line":69,"column":44},"end":{"line":69,"column":69}},"20":{"start":{"line":70,"column":42},"end":{"line":70,"column":44}},"21":{"start":{"line":72,"column":2},"end":{"line":81,"column":3}},"22":{"start":{"line":73,"column":4},"end":{"line":73,"column":71}},"23":{"start":{"line":73,"column":62},"end":{"line":73,"column":71}},"24":{"start":{"line":74,"column":4},"end":{"line":80,"column":5}},"25":{"start":{"line":75,"column":6},"end":{"line":79,"column":9}},"26":{"start":{"line":83,"column":2},"end":{"line":83,"column":17}},"27":{"start":{"line":91,"column":2},"end":{"line":95,"column":4}},"28":{"start":{"line":93,"column":29},"end":{"line":93,"column":46}},"29":{"start":{"line":99,"column":13},"end":{"line":99,"column":63}},"30":{"start":{"line":100,"column":2},"end":{"line":100,"column":53}},"31":{"start":{"line":104,"column":2},"end":{"line":104,"column":72}},"32":{"start":{"line":128,"column":21},"end":{"line":128,"column":57}},"33":{"start":{"line":129,"column":21},"end":{"line":129,"column":57}},"34":{"start":{"line":130,"column":20},"end":{"line":130,"column":81}},"35":{"start":{"line":130,"column":53},"end":{"line":130,"column":79}},"36":{"start":{"line":132,"column":42},"end":{"line":132,"column":44}},"37":{"start":{"line":133,"column":48},"end":{"line":133,"column":50}},"38":{"start":{"line":135,"column":2},"end":{"line":158,"column":3}},"39":{"start":{"line":136,"column":16},"end":{"line":136,"column":34}},"40":{"start":{"line":137,"column":17},"end":{"line":137,"column":35}},"41":{"start":{"line":139,"column":4},"end":{"line":146,"column":5}},"42":{"start":{"line":140,"column":6},"end":{"line":144,"column":9}},"43":{"start":{"line":145,"column":6},"end":{"line":145,"column":15}},"44":{"start":{"line":148,"column":21},"end":{"line":148,"column":46}},"45":{"start":{"line":149,"column":21},"end":{"line":149,"column":46}},"46":{"start":{"line":150,"column":4},"end":{"line":156,"column":5}},"47":{"start":{"line":151,"column":6},"end":{"line":155,"column":9}},"48":{"start":{"line":157,"column":4},"end":{"line":157,"column":26}},"49":{"start":{"line":160,"column":24},"end":{"line":164,"column":5}},"50":{"start":{"line":160,"column":63},"end":{"line":164,"column":3}},"51":{"start":{"line":166,"column":2},"end":{"line":166,"column":59}},"52":{"start":{"line":171,"column":25},"end":{"line":171,"column":50}},"53":{"start":{"line":172,"column":2},"end":{"line":181,"column":3}},"54":{"start":{"line":173,"column":4},"end":{"line":173,"column":44}},"55":{"start":{"line":173,"column":35},"end":{"line":173,"column":44}},"56":{"start":{"line":174,"column":15},"end":{"line":174,"column":59}},"57":{"start":{"line":175,"column":4},"end":{"line":180,"column":5}},"58":{"start":{"line":176,"column":6},"end":{"line":179,"column":8}},"59":{"start":{"line":183,"column":2},"end":{"line":190,"column":5}},"60":{"start":{"line":184,"column":4},"end":{"line":184,"column":46}},"61":{"start":{"line":184,"column":34},"end":{"line":184,"column":46}},"62":{"start":{"line":185,"column":15},"end":{"line":185,"column":73}},"63":{"start":{"line":186,"column":23},"end":{"line":186,"column":45}},"64":{"start":{"line":187,"column":4},"end":{"line":187,"column":40}},"65":{"start":{"line":187,"column":28},"end":{"line":187,"column":40}},"66":{"start":{"line":188,"column":22},"end":{"line":188,"column":64}},"67":{"start":{"line":189,"column":4},"end":{"line":189,"column":34}}},"fnMap":{"0":{"name":"isPromoFreebieLine","decl":{"start":{"line":10,"column":16},"end":{"line":10,"column":34}},"loc":{"start":{"line":10,"column":60},"end":{"line":12,"column":1}},"line":10},"1":{"name":"getPaidCartItems","decl":{"start":{"line":14,"column":16},"end":{"line":14,"column":32}},"loc":{"start":{"line":14,"column":69},"end":{"line":16,"column":1}},"line":14},"2":{"name":"(anonymous_2)","decl":{"start":{"line":15,"column":22},"end":{"line":15,"column":23}},"loc":{"start":{"line":15,"column":32},"end":{"line":15,"column":57}},"line":15},"3":{"name":"isOfferGiftLine","decl":{"start":{"line":19,"column":16},"end":{"line":19,"column":31}},"loc":{"start":{"line":19,"column":57},"end":{"line":22,"column":1}},"line":19},"4":{"name":"getCatalogBillItems","decl":{"start":{"line":24,"column":16},"end":{"line":24,"column":35}},"loc":{"start":{"line":24,"column":72},"end":{"line":26,"column":1}},"line":24},"5":{"name":"(anonymous_5)","decl":{"start":{"line":25,"column":22},"end":{"line":25,"column":23}},"loc":{"start":{"line":25,"column":32},"end":{"line":25,"column":54}},"line":25},"6":{"name":"getPaidCartPayload","decl":{"start":{"line":28,"column":16},"end":{"line":28,"column":34}},"loc":{"start":{"line":28,"column":59},"end":{"line":33,"column":1}},"line":28},"7":{"name":"(anonymous_7)","decl":{"start":{"line":29,"column":37},"end":{"line":29,"column":38}},"loc":{"start":{"line":29,"column":48},"end":{"line":32,"column":3}},"line":29},"8":{"name":"getLockableProductIds","decl":{"start":{"line":36,"column":16},"end":{"line":36,"column":37}},"loc":{"start":{"line":36,"column":72},"end":{"line":41,"column":1}},"line":36},"9":{"name":"(anonymous_9)","decl":{"start":{"line":38,"column":9},"end":{"line":38,"column":10}},"loc":{"start":{"line":38,"column":19},"end":{"line":38,"column":77}},"line":38},"10":{"name":"(anonymous_10)","decl":{"start":{"line":40,"column":12},"end":{"line":40,"column":13}},"loc":{"start":{"line":40,"column":32},"end":{"line":40,"column":57}},"line":40},"11":{"name":"getPaidSubtotalFromItems","decl":{"start":{"line":43,"column":16},"end":{"line":43,"column":40}},"loc":{"start":{"line":46,"column":10},"end":{"line":48,"column":1}},"line":46},"12":{"name":"computeDiscountAmount","decl":{"start":{"line":50,"column":9},"end":{"line":50,"column":30}},"loc":{"start":{"line":53,"column":10},"end":{"line":62,"column":1}},"line":53},"13":{"name":"computeAppliedOrderDiscounts","decl":{"start":{"line":65,"column":16},"end":{"line":65,"column":44}},"loc":{"start":{"line":68,"column":26},"end":{"line":84,"column":1}},"line":68},"14":{"name":"(anonymous_14)","decl":{"start":{"line":69,"column":34},"end":{"line":69,"column":35}},"loc":{"start":{"line":69,"column":44},"end":{"line":69,"column":69}},"line":69},"15":{"name":"computeOrderDiscountFromOffers","decl":{"start":{"line":87,"column":16},"end":{"line":87,"column":46}},"loc":{"start":{"line":90,"column":10},"end":{"line":96,"column":1}},"line":90},"16":{"name":"(anonymous_16)","decl":{"start":{"line":93,"column":14},"end":{"line":93,"column":15}},"loc":{"start":{"line":93,"column":29},"end":{"line":93,"column":46}},"line":93},"17":{"name":"promoLineKey","decl":{"start":{"line":98,"column":9},"end":{"line":98,"column":21}},"loc":{"start":{"line":98,"column":46},"end":{"line":101,"column":1}},"line":98},"18":{"name":"effectivePromoPrice","decl":{"start":{"line":103,"column":9},"end":{"line":103,"column":28}},"loc":{"start":{"line":103,"column":53},"end":{"line":105,"column":1}},"line":103},"19":{"name":"findPromoOfferChanges","decl":{"start":{"line":120,"column":16},"end":{"line":120,"column":37}},"loc":{"start":{"line":127,"column":2},"end":{"line":167,"column":1}},"line":127},"20":{"name":"(anonymous_20)","decl":{"start":{"line":130,"column":43},"end":{"line":130,"column":44}},"loc":{"start":{"line":130,"column":53},"end":{"line":130,"column":79}},"line":130},"21":{"name":"(anonymous_21)","decl":{"start":{"line":160,"column":52},"end":{"line":160,"column":53}},"loc":{"start":{"line":160,"column":63},"end":{"line":164,"column":3}},"line":160},"22":{"name":"dedupeCartItems","decl":{"start":{"line":170,"column":16},"end":{"line":170,"column":31}},"loc":{"start":{"line":170,"column":68},"end":{"line":191,"column":1}},"line":170},"23":{"name":"(anonymous_23)","decl":{"start":{"line":183,"column":22},"end":{"line":183,"column":23}},"loc":{"start":{"line":183,"column":32},"end":{"line":190,"column":3}},"line":183}},"branchMap":{"0":{"loc":{"start":{"line":14,"column":33},"end":{"line":14,"column":55}},"type":"default-arg","locations":[{"start":{"line":14,"column":53},"end":{"line":14,"column":55}}],"line":14},"1":{"loc":{"start":{"line":20,"column":2},"end":{"line":20,"column":44}},"type":"if","locations":[{"start":{"line":20,"column":2},"end":{"line":20,"column":44}},{"start":{},"end":{}}],"line":20},"2":{"loc":{"start":{"line":21,"column":10},"end":{"line":21,"column":52}},"type":"binary-expr","locations":[{"start":{"line":21,"column":10},"end":{"line":21,"column":47}},{"start":{"line":21,"column":51},"end":{"line":21,"column":52}}],"line":21},"3":{"loc":{"start":{"line":24,"column":36},"end":{"line":24,"column":58}},"type":"default-arg","locations":[{"start":{"line":24,"column":56},"end":{"line":24,"column":58}}],"line":24},"4":{"loc":{"start":{"line":28,"column":35},"end":{"line":28,"column":57}},"type":"default-arg","locations":[{"start":{"line":28,"column":55},"end":{"line":28,"column":57}}],"line":28},"5":{"loc":{"start":{"line":30,"column":15},"end":{"line":30,"column":59}},"type":"binary-expr","locations":[{"start":{"line":30,"column":15},"end":{"line":30,"column":40}},{"start":{"line":30,"column":44},"end":{"line":30,"column":59}}],"line":30},"6":{"loc":{"start":{"line":31,"column":14},"end":{"line":31,"column":33}},"type":"binary-expr","locations":[{"start":{"line":31,"column":14},"end":{"line":31,"column":28}},{"start":{"line":31,"column":32},"end":{"line":31,"column":33}}],"line":31},"7":{"loc":{"start":{"line":36,"column":38},"end":{"line":36,"column":60}},"type":"default-arg","locations":[{"start":{"line":36,"column":58},"end":{"line":36,"column":60}}],"line":36},"8":{"loc":{"start":{"line":38,"column":26},"end":{"line":38,"column":76}},"type":"binary-expr","locations":[{"start":{"line":38,"column":26},"end":{"line":38,"column":51}},{"start":{"line":38,"column":55},"end":{"line":38,"column":70}},{"start":{"line":38,"column":74},"end":{"line":38,"column":76}}],"line":38},"9":{"loc":{"start":{"line":44,"column":2},"end":{"line":44,"column":24}},"type":"default-arg","locations":[{"start":{"line":44,"column":22},"end":{"line":44,"column":24}}],"line":44},"10":{"loc":{"start":{"line":55,"column":4},"end":{"line":57,"column":45}},"type":"cond-expr","locations":[{"start":{"line":56,"column":8},"end":{"line":56,"column":22}},{"start":{"line":57,"column":8},"end":{"line":57,"column":45}}],"line":55},"11":{"loc":{"start":{"line":58,"column":2},"end":{"line":60,"column":3}},"type":"if","locations":[{"start":{"line":58,"column":2},"end":{"line":60,"column":3}},{"start":{},"end":{}}],"line":58},"12":{"loc":{"start":{"line":67,"column":2},"end":{"line":67,"column":30}},"type":"default-arg","locations":[{"start":{"line":67,"column":28},"end":{"line":67,"column":30}}],"line":67},"13":{"loc":{"start":{"line":73,"column":4},"end":{"line":73,"column":71}},"type":"if","locations":[{"start":{"line":73,"column":4},"end":{"line":73,"column":71}},{"start":{},"end":{}}],"line":73},"14":{"loc":{"start":{"line":73,"column":8},"end":{"line":73,"column":60}},"type":"binary-expr","locations":[{"start":{"line":73,"column":8},"end":{"line":73,"column":22}},{"start":{"line":73,"column":26},"end":{"line":73,"column":60}}],"line":73},"15":{"loc":{"start":{"line":74,"column":4},"end":{"line":80,"column":5}},"type":"if","locations":[{"start":{"line":74,"column":4},"end":{"line":80,"column":5}},{"start":{},"end":{}}],"line":74},"16":{"loc":{"start":{"line":74,"column":8},"end":{"line":74,"column":51}},"type":"binary-expr","locations":[{"start":{"line":74,"column":8},"end":{"line":74,"column":33}},{"start":{"line":74,"column":37},"end":{"line":74,"column":51}}],"line":74},"17":{"loc":{"start":{"line":89,"column":2},"end":{"line":89,"column":30}},"type":"default-arg","locations":[{"start":{"line":89,"column":28},"end":{"line":89,"column":30}}],"line":89},"18":{"loc":{"start":{"line":99,"column":13},"end":{"line":99,"column":63}},"type":"binary-expr","locations":[{"start":{"line":99,"column":13},"end":{"line":99,"column":38}},{"start":{"line":99,"column":42},"end":{"line":99,"column":57}},{"start":{"line":99,"column":61},"end":{"line":99,"column":63}}],"line":99},"19":{"loc":{"start":{"line":100,"column":12},"end":{"line":100,"column":36}},"type":"binary-expr","locations":[{"start":{"line":100,"column":12},"end":{"line":100,"column":25}},{"start":{"line":100,"column":29},"end":{"line":100,"column":36}}],"line":100},"20":{"loc":{"start":{"line":104,"column":9},"end":{"line":104,"column":71}},"type":"binary-expr","locations":[{"start":{"line":104,"column":9},"end":{"line":104,"column":25}},{"start":{"line":104,"column":29},"end":{"line":104,"column":66}},{"start":{"line":104,"column":70},"end":{"line":104,"column":71}}],"line":104},"21":{"loc":{"start":{"line":121,"column":2},"end":{"line":121,"column":28}},"type":"default-arg","locations":[{"start":{"line":121,"column":26},"end":{"line":121,"column":28}}],"line":121},"22":{"loc":{"start":{"line":122,"column":2},"end":{"line":122,"column":28}},"type":"default-arg","locations":[{"start":{"line":122,"column":26},"end":{"line":122,"column":28}}],"line":122},"23":{"loc":{"start":{"line":139,"column":4},"end":{"line":146,"column":5}},"type":"if","locations":[{"start":{"line":139,"column":4},"end":{"line":146,"column":5}},{"start":{},"end":{}}],"line":139},"24":{"loc":{"start":{"line":141,"column":26},"end":{"line":141,"column":76}},"type":"binary-expr","locations":[{"start":{"line":141,"column":26},"end":{"line":141,"column":51}},{"start":{"line":141,"column":55},"end":{"line":141,"column":70}},{"start":{"line":141,"column":74},"end":{"line":141,"column":76}}],"line":141},"25":{"loc":{"start":{"line":142,"column":21},"end":{"line":142,"column":63}},"type":"binary-expr","locations":[{"start":{"line":142,"column":21},"end":{"line":142,"column":47}},{"start":{"line":142,"column":51},"end":{"line":142,"column":63}}],"line":142},"26":{"loc":{"start":{"line":150,"column":4},"end":{"line":156,"column":5}},"type":"if","locations":[{"start":{"line":150,"column":4},"end":{"line":156,"column":5}},{"start":{},"end":{}}],"line":150},"27":{"loc":{"start":{"line":152,"column":21},"end":{"line":152,"column":63}},"type":"binary-expr","locations":[{"start":{"line":152,"column":21},"end":{"line":152,"column":47}},{"start":{"line":152,"column":51},"end":{"line":152,"column":63}}],"line":152},"28":{"loc":{"start":{"line":161,"column":22},"end":{"line":161,"column":72}},"type":"binary-expr","locations":[{"start":{"line":161,"column":22},"end":{"line":161,"column":47}},{"start":{"line":161,"column":51},"end":{"line":161,"column":66}},{"start":{"line":161,"column":70},"end":{"line":161,"column":72}}],"line":161},"29":{"loc":{"start":{"line":162,"column":17},"end":{"line":162,"column":59}},"type":"binary-expr","locations":[{"start":{"line":162,"column":17},"end":{"line":162,"column":43}},{"start":{"line":162,"column":47},"end":{"line":162,"column":59}}],"line":162},"30":{"loc":{"start":{"line":170,"column":32},"end":{"line":170,"column":54}},"type":"default-arg","locations":[{"start":{"line":170,"column":52},"end":{"line":170,"column":54}}],"line":170},"31":{"loc":{"start":{"line":173,"column":4},"end":{"line":173,"column":44}},"type":"if","locations":[{"start":{"line":173,"column":4},"end":{"line":173,"column":44}},{"start":{},"end":{}}],"line":173},"32":{"loc":{"start":{"line":174,"column":15},"end":{"line":174,"column":59}},"type":"binary-expr","locations":[{"start":{"line":174,"column":15},"end":{"line":174,"column":40}},{"start":{"line":174,"column":44},"end":{"line":174,"column":59}}],"line":174},"33":{"loc":{"start":{"line":175,"column":4},"end":{"line":180,"column":5}},"type":"if","locations":[{"start":{"line":175,"column":4},"end":{"line":180,"column":5}},{"start":{},"end":{}}],"line":175},"34":{"loc":{"start":{"line":178,"column":8},"end":{"line":178,"column":70}},"type":"binary-expr","locations":[{"start":{"line":178,"column":8},"end":{"line":178,"column":24}},{"start":{"line":178,"column":28},"end":{"line":178,"column":65}},{"start":{"line":178,"column":69},"end":{"line":178,"column":70}}],"line":178},"35":{"loc":{"start":{"line":184,"column":4},"end":{"line":184,"column":46}},"type":"if","locations":[{"start":{"line":184,"column":4},"end":{"line":184,"column":46}},{"start":{},"end":{}}],"line":184},"36":{"loc":{"start":{"line":185,"column":22},"end":{"line":185,"column":72}},"type":"binary-expr","locations":[{"start":{"line":185,"column":22},"end":{"line":185,"column":47}},{"start":{"line":185,"column":51},"end":{"line":185,"column":66}},{"start":{"line":185,"column":70},"end":{"line":185,"column":72}}],"line":185},"37":{"loc":{"start":{"line":187,"column":4},"end":{"line":187,"column":40}},"type":"if","locations":[{"start":{"line":187,"column":4},"end":{"line":187,"column":40}},{"start":{},"end":{}}],"line":187},"38":{"loc":{"start":{"line":188,"column":22},"end":{"line":188,"column":64}},"type":"binary-expr","locations":[{"start":{"line":188,"column":22},"end":{"line":188,"column":59}},{"start":{"line":188,"column":63},"end":{"line":188,"column":64}}],"line":188}},"s":{"0":65,"1":38,"2":41,"3":0,"4":0,"5":0,"6":0,"7":0,"8":15,"9":15,"10":0,"11":0,"12":0,"13":0,"14":4,"15":4,"16":2,"17":4,"18":3,"19":6,"20":3,"21":3,"22":9,"23":2,"24":7,"25":4,"26":3,"27":2,"28":2,"29":4,"30":4,"31":4,"32":11,"33":11,"34":11,"35":1,"36":11,"37":11,"38":11,"39":3,"40":3,"41":3,"42":2,"43":2,"44":1,"45":1,"46":1,"47":1,"48":1,"49":11,"50":0,"51":11,"52":0,"53":0,"54":0,"55":0,"56":0,"57":0,"58":0,"59":0,"60":0,"61":0,"62":0,"63":0,"64":0,"65":0,"66":0,"67":0},"f":{"0":65,"1":38,"2":41,"3":0,"4":0,"5":0,"6":15,"7":15,"8":0,"9":0,"10":0,"11":0,"12":4,"13":3,"14":6,"15":2,"16":2,"17":4,"18":4,"19":11,"20":1,"21":0,"22":0,"23":0},"b":{"0":[0],"1":[0,0],"2":[0,0],"3":[0],"4":[0],"5":[15,0],"6":[15,0],"7":[0],"8":[0,0,0],"9":[0],"10":[2,2],"11":[2,2],"12":[0],"13":[2,7],"14":[9,9],"15":[4,3],"16":[7,4],"17":[0],"18":[4,0,0],"19":[4,0],"20":[4,2,0],"21":[0],"22":[0],"23":[2,1],"24":[2,0,0],"25":[2,0],"26":[1,0],"27":[1,0],"28":[0,0,0],"29":[0,0],"30":[0],"31":[0,0],"32":[0,0],"33":[0,0],"34":[0,0,0],"35":[0,0],"36":[0,0,0],"37":[0,0],"38":[0,0]},"_coverageSchema":"1a1c01bbd47fc00a2c39e90264f33305004495a9","hash":"d1b7048ec8c592260afe2b6ff5eb72095cadee69"}
,"/Users/shivamgarg/Desktop/projects/ramnath-pansari/utils/checkoutFlowTestHelpers.ts": {"path":"/Users/shivamgarg/Desktop/projects/ramnath-pansari/utils/checkoutFlowTestHelpers.ts","statementMap":{"0":{"start":{"line":6,"column":24},"end":{"line":6,"column":60}},"1":{"start":{"line":7,"column":26},"end":{"line":7,"column":62}},"2":{"start":{"line":16,"column":2},"end":{"line":26,"column":16}},"3":{"start":{"line":32,"column":15},"end":{"line":32,"column":49}},"4":{"start":{"line":33,"column":27},"end":{"line":33,"column":59}},"5":{"start":{"line":34,"column":22},"end":{"line":34,"column":49}},"6":{"start":{"line":36,"column":2},"end":{"line":61,"column":4}},"7":{"start":{"line":59,"column":41},"end":{"line":59,"column":46}}},"fnMap":{"0":{"name":"makePaidItem","decl":{"start":{"line":9,"column":16},"end":{"line":9,"column":28}},"loc":{"start":{"line":15,"column":12},"end":{"line":27,"column":1}},"line":15},"1":{"name":"createCheckoutDeps","decl":{"start":{"line":29,"column":16},"end":{"line":29,"column":34}},"loc":{"start":{"line":31,"column":20},"end":{"line":62,"column":1}},"line":31},"2":{"name":"(anonymous_2)","decl":{"start":{"line":59,"column":30},"end":{"line":59,"column":31}},"loc":{"start":{"line":59,"column":41},"end":{"line":59,"column":46}},"line":59}},"branchMap":{"0":{"loc":{"start":{"line":13,"column":2},"end":{"line":13,"column":9}},"type":"default-arg","locations":[{"start":{"line":13,"column":8},"end":{"line":13,"column":9}}],"line":13},"1":{"loc":{"start":{"line":14,"column":2},"end":{"line":14,"column":32}},"type":"default-arg","locations":[{"start":{"line":14,"column":30},"end":{"line":14,"column":32}}],"line":14},"2":{"loc":{"start":{"line":30,"column":2},"end":{"line":30,"column":43}},"type":"default-arg","locations":[{"start":{"line":30,"column":41},"end":{"line":30,"column":43}}],"line":30}},"s":{"0":2,"1":2,"2":32,"3":18,"4":18,"5":18,"6":18,"7":32},"f":{"0":32,"1":18,"2":32},"b":{"0":[6],"1":[27],"2":[0]},"_coverageSchema":"1a1c01bbd47fc00a2c39e90264f33305004495a9","hash":"4aaeeefb96d8bdb36454a3aa81dbf533222088ef"}
,"/Users/shivamgarg/Desktop/projects/ramnath-pansari/utils/deliveryFee.ts": {"path":"/Users/shivamgarg/Desktop/projects/ramnath-pansari/utils/deliveryFee.ts","statementMap":{"0":{"start":{"line":14,"column":2},"end":{"line":18,"column":4}},"1":{"start":{"line":22,"column":2},"end":{"line":22,"column":37}},"2":{"start":{"line":26,"column":2},"end":{"line":26,"column":55}},"3":{"start":{"line":33,"column":19},"end":{"line":33,"column":52}},"4":{"start":{"line":34,"column":2},"end":{"line":34,"column":43}},"5":{"start":{"line":34,"column":34},"end":{"line":34,"column":43}},"6":{"start":{"line":35,"column":2},"end":{"line":35,"column":73}},"7":{"start":{"line":42,"column":2},"end":{"line":42,"column":80}},"8":{"start":{"line":49,"column":2},"end":{"line":49,"column":59}},"9":{"start":{"line":56,"column":19},"end":{"line":56,"column":52}},"10":{"start":{"line":57,"column":2},"end":{"line":57,"column":58}},"11":{"start":{"line":64,"column":19},"end":{"line":64,"column":52}},"12":{"start":{"line":65,"column":2},"end":{"line":65,"column":46}},"13":{"start":{"line":72,"column":15},"end":{"line":72,"column":48}},"14":{"start":{"line":73,"column":17},"end":{"line":73,"column":46}},"15":{"start":{"line":74,"column":2},"end":{"line":77,"column":4}}},"fnMap":{"0":{"name":"resolveDeliverySettings","decl":{"start":{"line":11,"column":16},"end":{"line":11,"column":39}},"loc":{"start":{"line":13,"column":20},"end":{"line":19,"column":1}},"line":13},"1":{"name":"getCartSubtotal","decl":{"start":{"line":21,"column":16},"end":{"line":21,"column":31}},"loc":{"start":{"line":21,"column":64},"end":{"line":23,"column":1}},"line":21},"2":{"name":"getPaidCartSubtotal","decl":{"start":{"line":25,"column":16},"end":{"line":25,"column":35}},"loc":{"start":{"line":25,"column":68},"end":{"line":27,"column":1}},"line":25},"3":{"name":"getDeliveryFee","decl":{"start":{"line":29,"column":16},"end":{"line":29,"column":30}},"loc":{"start":{"line":32,"column":10},"end":{"line":36,"column":1}},"line":32},"4":{"name":"getPayableTotal","decl":{"start":{"line":38,"column":16},"end":{"line":38,"column":31}},"loc":{"start":{"line":41,"column":10},"end":{"line":43,"column":1}},"line":41},"5":{"name":"getPayableTotalFromItems","decl":{"start":{"line":45,"column":16},"end":{"line":45,"column":40}},"loc":{"start":{"line":48,"column":10},"end":{"line":50,"column":1}},"line":48},"6":{"name":"getFreeDeliveryRemaining","decl":{"start":{"line":52,"column":16},"end":{"line":52,"column":40}},"loc":{"start":{"line":55,"column":10},"end":{"line":58,"column":1}},"line":55},"7":{"name":"hasFreeDelivery","decl":{"start":{"line":60,"column":16},"end":{"line":60,"column":31}},"loc":{"start":{"line":63,"column":11},"end":{"line":66,"column":1}},"line":63},"8":{"name":"hasDeliverySettingsChanged","decl":{"start":{"line":68,"column":16},"end":{"line":68,"column":42}},"loc":{"start":{"line":71,"column":11},"end":{"line":78,"column":1}},"line":71}},"branchMap":{"0":{"loc":{"start":{"line":16,"column":6},"end":{"line":16,"column":76}},"type":"binary-expr","locations":[{"start":{"line":16,"column":6},"end":{"line":16,"column":31}},{"start":{"line":16,"column":35},"end":{"line":16,"column":76}}],"line":16},"1":{"loc":{"start":{"line":17,"column":17},"end":{"line":17,"column":79}},"type":"binary-expr","locations":[{"start":{"line":17,"column":17},"end":{"line":17,"column":38}},{"start":{"line":17,"column":42},"end":{"line":17,"column":79}}],"line":17},"2":{"loc":{"start":{"line":21,"column":32},"end":{"line":21,"column":54}},"type":"default-arg","locations":[{"start":{"line":21,"column":52},"end":{"line":21,"column":54}}],"line":21},"3":{"loc":{"start":{"line":25,"column":36},"end":{"line":25,"column":58}},"type":"default-arg","locations":[{"start":{"line":25,"column":56},"end":{"line":25,"column":58}}],"line":25},"4":{"loc":{"start":{"line":34,"column":2},"end":{"line":34,"column":43}},"type":"if","locations":[{"start":{"line":34,"column":2},"end":{"line":34,"column":43}},{"start":{},"end":{}}],"line":34},"5":{"loc":{"start":{"line":34,"column":6},"end":{"line":34,"column":32}},"type":"binary-expr","locations":[{"start":{"line":34,"column":6},"end":{"line":34,"column":15}},{"start":{"line":34,"column":19},"end":{"line":34,"column":32}}],"line":34},"6":{"loc":{"start":{"line":35,"column":9},"end":{"line":35,"column":72}},"type":"cond-expr","locations":[{"start":{"line":35,"column":48},"end":{"line":35,"column":49}},{"start":{"line":35,"column":52},"end":{"line":35,"column":72}}],"line":35},"7":{"loc":{"start":{"line":46,"column":2},"end":{"line":46,"column":24}},"type":"default-arg","locations":[{"start":{"line":46,"column":22},"end":{"line":46,"column":24}}],"line":46},"8":{"loc":{"start":{"line":75,"column":4},"end":{"line":76,"column":43}},"type":"binary-expr","locations":[{"start":{"line":75,"column":4},"end":{"line":75,"column":51}},{"start":{"line":76,"column":4},"end":{"line":76,"column":43}}],"line":75}},"s":{"0":58,"1":5,"2":0,"3":7,"4":7,"5":0,"6":7,"7":5,"8":5,"9":0,"10":0,"11":0,"12":0,"13":16,"14":16,"15":16},"f":{"0":58,"1":5,"2":0,"3":7,"4":5,"5":5,"6":0,"7":0,"8":16},"b":{"0":[58,1],"1":[58,1],"2":[0],"3":[0],"4":[0,7],"5":[7,7],"6":[6,1],"7":[0],"8":[16,14]},"_coverageSchema":"1a1c01bbd47fc00a2c39e90264f33305004495a9","hash":"2bf33e8fab36f1bf196aa00190a55de1d02dd3db"}
,"/Users/shivamgarg/Desktop/projects/ramnath-pansari/utils/offerMilestones.ts": {"path":"/Users/shivamgarg/Desktop/projects/ramnath-pansari/utils/offerMilestones.ts","statementMap":{"0":{"start":{"line":6,"column":2},"end":{"line":6,"column":68}},"1":{"start":{"line":19,"column":2},"end":{"line":24,"column":4}},"2":{"start":{"line":31,"column":2},"end":{"line":42,"column":8}},"3":{"start":{"line":32,"column":19},"end":{"line":32,"column":28}},"4":{"start":{"line":33,"column":20},"end":{"line":33,"column":53}},"5":{"start":{"line":34,"column":21},"end":{"line":42,"column":5}},"6":{"start":{"line":49,"column":2},"end":{"line":49,"column":89}},"7":{"start":{"line":57,"column":22},"end":{"line":57,"column":55}},"8":{"start":{"line":58,"column":2},"end":{"line":60,"column":3}},"9":{"start":{"line":59,"column":4},"end":{"line":59,"column":53}},"10":{"start":{"line":61,"column":2},"end":{"line":61,"column":55}},"11":{"start":{"line":68,"column":22},"end":{"line":68,"column":55}},"12":{"start":{"line":69,"column":2},"end":{"line":69,"column":42}},"13":{"start":{"line":69,"column":30},"end":{"line":69,"column":42}},"14":{"start":{"line":70,"column":2},"end":{"line":70,"column":27}},"15":{"start":{"line":78,"column":2},"end":{"line":81,"column":4}},"16":{"start":{"line":101,"column":2},"end":{"line":101,"column":61}},"17":{"start":{"line":101,"column":51},"end":{"line":101,"column":61}},"18":{"start":{"line":102,"column":2},"end":{"line":102,"column":60}},"19":{"start":{"line":108,"column":2},"end":{"line":108,"column":59}},"20":{"start":{"line":108,"column":30},"end":{"line":108,"column":59}},"21":{"start":{"line":110,"column":2},"end":{"line":116,"column":3}},"22":{"start":{"line":112,"column":6},"end":{"line":114,"column":12}},"23":{"start":{"line":115,"column":4},"end":{"line":115,"column":42}},"24":{"start":{"line":118,"column":2},"end":{"line":118,"column":58}},"25":{"start":{"line":125,"column":4},"end":{"line":125,"column":72}},"26":{"start":{"line":127,"column":2},"end":{"line":129,"column":3}},"27":{"start":{"line":128,"column":4},"end":{"line":128,"column":47}},"28":{"start":{"line":131,"column":2},"end":{"line":135,"column":3}},"29":{"start":{"line":132,"column":4},"end":{"line":134,"column":60}},"30":{"start":{"line":137,"column":2},"end":{"line":137,"column":32}},"31":{"start":{"line":142,"column":20},"end":{"line":142,"column":61}},"32":{"start":{"line":144,"column":2},"end":{"line":146,"column":3}},"33":{"start":{"line":145,"column":4},"end":{"line":145,"column":68}},"34":{"start":{"line":148,"column":18},"end":{"line":148,"column":37}},"35":{"start":{"line":149,"column":2},"end":{"line":151,"column":3}},"36":{"start":{"line":150,"column":4},"end":{"line":150,"column":60}},"37":{"start":{"line":153,"column":2},"end":{"line":153,"column":37}},"38":{"start":{"line":160,"column":24},"end":{"line":162,"column":14}},"39":{"start":{"line":161,"column":19},"end":{"line":161,"column":49}},"40":{"start":{"line":164,"column":2},"end":{"line":164,"column":41}},"41":{"start":{"line":164,"column":29},"end":{"line":164,"column":41}},"42":{"start":{"line":166,"column":23},"end":{"line":168,"column":46}},"43":{"start":{"line":167,"column":27},"end":{"line":167,"column":64}},"44":{"start":{"line":168,"column":24},"end":{"line":168,"column":45}},"45":{"start":{"line":170,"column":2},"end":{"line":173,"column":4}},"46":{"start":{"line":180,"column":2},"end":{"line":180,"column":49}},"47":{"start":{"line":180,"column":26},"end":{"line":180,"column":49}},"48":{"start":{"line":181,"column":2},"end":{"line":181,"column":57}},"49":{"start":{"line":181,"column":43},"end":{"line":181,"column":54}}},"fnMap":{"0":{"name":"formatOfferAmount","decl":{"start":{"line":5,"column":9},"end":{"line":5,"column":26}},"loc":{"start":{"line":5,"column":50},"end":{"line":7,"column":1}},"line":5},"1":{"name":"buildDeliveryMilestone","decl":{"start":{"line":16,"column":16},"end":{"line":16,"column":38}},"loc":{"start":{"line":18,"column":18},"end":{"line":25,"column":1}},"line":18},"2":{"name":"buildAdminOfferMilestones","decl":{"start":{"line":28,"column":16},"end":{"line":28,"column":41}},"loc":{"start":{"line":30,"column":20},"end":{"line":43,"column":1}},"line":30},"3":{"name":"(anonymous_3)","decl":{"start":{"line":32,"column":12},"end":{"line":32,"column":13}},"loc":{"start":{"line":32,"column":19},"end":{"line":32,"column":28}},"line":32},"4":{"name":"(anonymous_4)","decl":{"start":{"line":33,"column":10},"end":{"line":33,"column":11}},"loc":{"start":{"line":33,"column":20},"end":{"line":33,"column":53}},"line":33},"5":{"name":"(anonymous_5)","decl":{"start":{"line":34,"column":9},"end":{"line":34,"column":10}},"loc":{"start":{"line":34,"column":21},"end":{"line":42,"column":5}},"line":34},"6":{"name":"buildOfferMilestones","decl":{"start":{"line":45,"column":16},"end":{"line":45,"column":36}},"loc":{"start":{"line":48,"column":20},"end":{"line":50,"column":1}},"line":48},"7":{"name":"buildVisibleCartMilestones","decl":{"start":{"line":53,"column":16},"end":{"line":53,"column":42}},"loc":{"start":{"line":56,"column":20},"end":{"line":62,"column":1}},"line":56},"8":{"name":"shouldShowCartPromoIncentive","decl":{"start":{"line":64,"column":16},"end":{"line":64,"column":44}},"loc":{"start":{"line":67,"column":11},"end":{"line":71,"column":1}},"line":67},"9":{"name":"hasDeliveryOnlyUnlocked","decl":{"start":{"line":73,"column":16},"end":{"line":73,"column":39}},"loc":{"start":{"line":77,"column":11},"end":{"line":82,"column":1}},"line":77},"10":{"name":"formatOfferThreshold","decl":{"start":{"line":100,"column":9},"end":{"line":100,"column":29}},"loc":{"start":{"line":100,"column":62},"end":{"line":103,"column":1}},"line":100},"11":{"name":"getDiscountRewardPhrase","decl":{"start":{"line":105,"column":9},"end":{"line":105,"column":32}},"loc":{"start":{"line":107,"column":10},"end":{"line":119,"column":1}},"line":107},"12":{"name":"getFreebieRewardPhrase","decl":{"start":{"line":121,"column":9},"end":{"line":121,"column":31}},"loc":{"start":{"line":123,"column":10},"end":{"line":138,"column":1}},"line":123},"13":{"name":"getOfferLabel","decl":{"start":{"line":141,"column":16},"end":{"line":141,"column":29}},"loc":{"start":{"line":141,"column":62},"end":{"line":154,"column":1}},"line":141},"14":{"name":"getNextMilestone","decl":{"start":{"line":156,"column":16},"end":{"line":156,"column":32}},"loc":{"start":{"line":159,"column":56},"end":{"line":174,"column":1}},"line":159},"15":{"name":"(anonymous_15)","decl":{"start":{"line":161,"column":4},"end":{"line":161,"column":5}},"loc":{"start":{"line":161,"column":19},"end":{"line":161,"column":49}},"line":161},"16":{"name":"(anonymous_16)","decl":{"start":{"line":167,"column":12},"end":{"line":167,"column":13}},"loc":{"start":{"line":167,"column":27},"end":{"line":167,"column":64}},"line":167},"17":{"name":"(anonymous_17)","decl":{"start":{"line":168,"column":9},"end":{"line":168,"column":10}},"loc":{"start":{"line":168,"column":24},"end":{"line":168,"column":45}},"line":168},"18":{"name":"getMaxMilestoneThreshold","decl":{"start":{"line":176,"column":16},"end":{"line":176,"column":40}},"loc":{"start":{"line":179,"column":10},"end":{"line":182,"column":1}},"line":179},"19":{"name":"(anonymous_19)","decl":{"start":{"line":181,"column":36},"end":{"line":181,"column":37}},"loc":{"start":{"line":181,"column":43},"end":{"line":181,"column":54}},"line":181}},"branchMap":{"0":{"loc":{"start":{"line":6,"column":9},"end":{"line":6,"column":67}},"type":"cond-expr","locations":[{"start":{"line":6,"column":35},"end":{"line":6,"column":48}},{"start":{"line":6,"column":51},"end":{"line":6,"column":67}}],"line":6},"1":{"loc":{"start":{"line":17,"column":2},"end":{"line":17,"column":37}},"type":"default-arg","locations":[{"start":{"line":17,"column":20},"end":{"line":17,"column":37}}],"line":17},"2":{"loc":{"start":{"line":29,"column":2},"end":{"line":29,"column":30}},"type":"default-arg","locations":[{"start":{"line":29,"column":28},"end":{"line":29,"column":30}}],"line":29},"3":{"loc":{"start":{"line":38,"column":8},"end":{"line":40,"column":41}},"type":"cond-expr","locations":[{"start":{"line":39,"column":13},"end":{"line":39,"column":36}},{"start":{"line":40,"column":13},"end":{"line":40,"column":40}}],"line":38},"4":{"loc":{"start":{"line":46,"column":2},"end":{"line":46,"column":30}},"type":"default-arg","locations":[{"start":{"line":46,"column":28},"end":{"line":46,"column":30}}],"line":46},"5":{"loc":{"start":{"line":47,"column":2},"end":{"line":47,"column":37}},"type":"default-arg","locations":[{"start":{"line":47,"column":20},"end":{"line":47,"column":37}}],"line":47},"6":{"loc":{"start":{"line":54,"column":2},"end":{"line":54,"column":30}},"type":"default-arg","locations":[{"start":{"line":54,"column":28},"end":{"line":54,"column":30}}],"line":54},"7":{"loc":{"start":{"line":55,"column":2},"end":{"line":55,"column":37}},"type":"default-arg","locations":[{"start":{"line":55,"column":20},"end":{"line":55,"column":37}}],"line":55},"8":{"loc":{"start":{"line":58,"column":2},"end":{"line":60,"column":3}},"type":"if","locations":[{"start":{"line":58,"column":2},"end":{"line":60,"column":3}},{"start":{},"end":{}}],"line":58},"9":{"loc":{"start":{"line":65,"column":2},"end":{"line":65,"column":30}},"type":"default-arg","locations":[{"start":{"line":65,"column":28},"end":{"line":65,"column":30}}],"line":65},"10":{"loc":{"start":{"line":69,"column":2},"end":{"line":69,"column":42}},"type":"if","locations":[{"start":{"line":69,"column":2},"end":{"line":69,"column":42}},{"start":{},"end":{}}],"line":69},"11":{"loc":{"start":{"line":74,"column":2},"end":{"line":74,"column":30}},"type":"default-arg","locations":[{"start":{"line":74,"column":28},"end":{"line":74,"column":30}}],"line":74},"12":{"loc":{"start":{"line":76,"column":2},"end":{"line":76,"column":37}},"type":"default-arg","locations":[{"start":{"line":76,"column":20},"end":{"line":76,"column":37}}],"line":76},"13":{"loc":{"start":{"line":79,"column":4},"end":{"line":80,"column":35}},"type":"binary-expr","locations":[{"start":{"line":79,"column":4},"end":{"line":79,"column":50}},{"start":{"line":80,"column":4},"end":{"line":80,"column":35}}],"line":79},"14":{"loc":{"start":{"line":101,"column":2},"end":{"line":101,"column":61}},"type":"if","locations":[{"start":{"line":101,"column":2},"end":{"line":101,"column":61}},{"start":{},"end":{}}],"line":101},"15":{"loc":{"start":{"line":101,"column":6},"end":{"line":101,"column":49}},"type":"binary-expr","locations":[{"start":{"line":101,"column":6},"end":{"line":101,"column":27}},{"start":{"line":101,"column":31},"end":{"line":101,"column":49}}],"line":101},"16":{"loc":{"start":{"line":108,"column":2},"end":{"line":108,"column":59}},"type":"if","locations":[{"start":{"line":108,"column":2},"end":{"line":108,"column":59}},{"start":{},"end":{}}],"line":108},"17":{"loc":{"start":{"line":110,"column":2},"end":{"line":116,"column":3}},"type":"if","locations":[{"start":{"line":110,"column":2},"end":{"line":116,"column":3}},{"start":{},"end":{}}],"line":110},"18":{"loc":{"start":{"line":112,"column":6},"end":{"line":114,"column":12}},"type":"cond-expr","locations":[{"start":{"line":113,"column":10},"end":{"line":113,"column":62}},{"start":{"line":114,"column":10},"end":{"line":114,"column":12}}],"line":112},"19":{"loc":{"start":{"line":118,"column":31},"end":{"line":118,"column":50}},"type":"binary-expr","locations":[{"start":{"line":118,"column":31},"end":{"line":118,"column":45}},{"start":{"line":118,"column":49},"end":{"line":118,"column":50}}],"line":118},"20":{"loc":{"start":{"line":125,"column":4},"end":{"line":125,"column":72}},"type":"binary-expr","locations":[{"start":{"line":125,"column":4},"end":{"line":125,"column":25}},{"start":{"line":125,"column":29},"end":{"line":125,"column":66}},{"start":{"line":125,"column":70},"end":{"line":125,"column":72}}],"line":125},"21":{"loc":{"start":{"line":127,"column":2},"end":{"line":129,"column":3}},"type":"if","locations":[{"start":{"line":127,"column":2},"end":{"line":129,"column":3}},{"start":{},"end":{}}],"line":127},"22":{"loc":{"start":{"line":128,"column":11},"end":{"line":128,"column":46}},"type":"cond-expr","locations":[{"start":{"line":128,"column":18},"end":{"line":128,"column":32}},{"start":{"line":128,"column":35},"end":{"line":128,"column":46}}],"line":128},"23":{"loc":{"start":{"line":131,"column":2},"end":{"line":135,"column":3}},"type":"if","locations":[{"start":{"line":131,"column":2},"end":{"line":135,"column":3}},{"start":{},"end":{}}],"line":131},"24":{"loc":{"start":{"line":132,"column":11},"end":{"line":134,"column":59}},"type":"cond-expr","locations":[{"start":{"line":133,"column":8},"end":{"line":133,"column":62}},{"start":{"line":134,"column":8},"end":{"line":134,"column":59}}],"line":132},"25":{"loc":{"start":{"line":137,"column":9},"end":{"line":137,"column":31}},"type":"binary-expr","locations":[{"start":{"line":137,"column":9},"end":{"line":137,"column":13}},{"start":{"line":137,"column":17},"end":{"line":137,"column":31}}],"line":137},"26":{"loc":{"start":{"line":144,"column":2},"end":{"line":146,"column":3}},"type":"if","locations":[{"start":{"line":144,"column":2},"end":{"line":146,"column":3}},{"start":{},"end":{}}],"line":144},"27":{"loc":{"start":{"line":144,"column":6},"end":{"line":144,"column":49}},"type":"binary-expr","locations":[{"start":{"line":144,"column":6},"end":{"line":144,"column":31}},{"start":{"line":144,"column":35},"end":{"line":144,"column":49}}],"line":144},"28":{"loc":{"start":{"line":149,"column":2},"end":{"line":151,"column":3}},"type":"if","locations":[{"start":{"line":149,"column":2},"end":{"line":151,"column":3}},{"start":{},"end":{}}],"line":149},"29":{"loc":{"start":{"line":149,"column":6},"end":{"line":149,"column":41}},"type":"binary-expr","locations":[{"start":{"line":149,"column":6},"end":{"line":149,"column":30}},{"start":{"line":149,"column":34},"end":{"line":149,"column":41}}],"line":149},"30":{"loc":{"start":{"line":164,"column":2},"end":{"line":164,"column":41}},"type":"if","locations":[{"start":{"line":164,"column":2},"end":{"line":164,"column":41}},{"start":{},"end":{}}],"line":164},"31":{"loc":{"start":{"line":178,"column":2},"end":{"line":178,"column":37}},"type":"default-arg","locations":[{"start":{"line":178,"column":20},"end":{"line":178,"column":37}}],"line":178},"32":{"loc":{"start":{"line":180,"column":2},"end":{"line":180,"column":49}},"type":"if","locations":[{"start":{"line":180,"column":2},"end":{"line":180,"column":49}},{"start":{},"end":{}}],"line":180}},"s":{"0":9,"1":0,"2":2,"3":4,"4":2,"5":4,"6":0,"7":0,"8":0,"9":0,"10":0,"11":0,"12":0,"13":0,"14":0,"15":0,"16":8,"17":0,"18":8,"19":6,"20":6,"21":0,"22":0,"23":0,"24":0,"25":1,"26":1,"27":0,"28":1,"29":1,"30":0,"31":8,"32":8,"33":6,"34":2,"35":2,"36":1,"37":1,"38":1,"39":2,"40":1,"41":0,"42":1,"43":3,"44":2,"45":1,"46":0,"47":0,"48":0,"49":0},"f":{"0":9,"1":0,"2":2,"3":4,"4":2,"5":4,"6":0,"7":0,"8":0,"9":0,"10":8,"11":6,"12":1,"13":8,"14":1,"15":2,"16":3,"17":2,"18":0,"19":0},"b":{"0":[9,0],"1":[0],"2":[0],"3":[2,2],"4":[0],"5":[0],"6":[0],"7":[0],"8":[0,0],"9":[0],"10":[0,0],"11":[0],"12":[0],"13":[0,0],"14":[0,8],"15":[8,8],"16":[6,0],"17":[0,0],"18":[0,0],"19":[0,0],"20":[1,0,0],"21":[0,1],"22":[0,0],"23":[1,0],"24":[1,0],"25":[0,0],"26":[6,2],"27":[8,6],"28":[1,1],"29":[2,2],"30":[0,1],"31":[0],"32":[0,0]},"_coverageSchema":"1a1c01bbd47fc00a2c39e90264f33305004495a9","hash":"563a16a559d7d793ec6e4329120d151faa4f69dc"}
,"/Users/shivamgarg/Desktop/projects/ramnath-pansari/utils/runCheckoutFlow.ts": {"path":"/Users/shivamgarg/Desktop/projects/ramnath-pansari/utils/runCheckoutFlow.ts","statementMap":{"0":{"start":{"line":114,"column":4},"end":{"line":117,"column":42}},"1":{"start":{"line":116,"column":8},"end":{"line":116,"column":75}},"2":{"start":{"line":119,"column":2},"end":{"line":121,"column":81}},"3":{"start":{"line":129,"column":23},"end":{"line":129,"column":52}},"4":{"start":{"line":130,"column":22},"end":{"line":130,"column":49}},"5":{"start":{"line":131,"column":18},"end":{"line":133,"column":17}},"6":{"start":{"line":134,"column":23},"end":{"line":134,"column":54}},"7":{"start":{"line":136,"column":2},"end":{"line":138,"column":3}},"8":{"start":{"line":137,"column":4},"end":{"line":137,"column":78}},"9":{"start":{"line":139,"column":2},"end":{"line":144,"column":3}},"10":{"start":{"line":140,"column":4},"end":{"line":142,"column":5}},"11":{"start":{"line":141,"column":6},"end":{"line":141,"column":96}},"12":{"start":{"line":143,"column":4},"end":{"line":143,"column":110}},"13":{"start":{"line":145,"column":2},"end":{"line":145,"column":77}},"14":{"start":{"line":171,"column":6},"end":{"line":171,"column":10}},"15":{"start":{"line":173,"column":40},"end":{"line":173,"column":44}},"16":{"start":{"line":175,"column":30},"end":{"line":184,"column":3}},"17":{"start":{"line":176,"column":4},"end":{"line":176,"column":40}},"18":{"start":{"line":176,"column":33},"end":{"line":176,"column":40}},"19":{"start":{"line":177,"column":16},"end":{"line":177,"column":30}},"20":{"start":{"line":178,"column":4},"end":{"line":178,"column":26}},"21":{"start":{"line":179,"column":4},"end":{"line":183,"column":5}},"22":{"start":{"line":180,"column":6},"end":{"line":180,"column":38}},"23":{"start":{"line":186,"column":25},"end":{"line":191,"column":3}},"24":{"start":{"line":189,"column":4},"end":{"line":189,"column":32}},"25":{"start":{"line":190,"column":4},"end":{"line":190,"column":18}},"26":{"start":{"line":193,"column":2},"end":{"line":438,"column":3}},"27":{"start":{"line":194,"column":36},"end":{"line":197,"column":5}},"28":{"start":{"line":198,"column":38},"end":{"line":198,"column":54}},"29":{"start":{"line":200,"column":23},"end":{"line":200,"column":35}},"30":{"start":{"line":201,"column":53},"end":{"line":201,"column":57}},"31":{"start":{"line":202,"column":4},"end":{"line":207,"column":5}},"32":{"start":{"line":203,"column":6},"end":{"line":203,"column":48}},"33":{"start":{"line":204,"column":6},"end":{"line":204,"column":65}},"34":{"start":{"line":209,"column":33},"end":{"line":209,"column":49}},"35":{"start":{"line":210,"column":65},"end":{"line":210,"column":69}},"36":{"start":{"line":211,"column":4},"end":{"line":218,"column":5}},"37":{"start":{"line":212,"column":6},"end":{"line":212,"column":60}},"38":{"start":{"line":213,"column":6},"end":{"line":215,"column":8}},"39":{"start":{"line":220,"column":4},"end":{"line":222,"column":5}},"40":{"start":{"line":221,"column":6},"end":{"line":221,"column":75}},"41":{"start":{"line":224,"column":28},"end":{"line":224,"column":39}},"42":{"start":{"line":225,"column":63},"end":{"line":225,"column":67}},"43":{"start":{"line":226,"column":4},"end":{"line":233,"column":5}},"44":{"start":{"line":227,"column":6},"end":{"line":227,"column":58}},"45":{"start":{"line":228,"column":6},"end":{"line":230,"column":8}},"46":{"start":{"line":235,"column":4},"end":{"line":237,"column":5}},"47":{"start":{"line":236,"column":6},"end":{"line":236,"column":57}},"48":{"start":{"line":239,"column":4},"end":{"line":246,"column":5}},"49":{"start":{"line":240,"column":6},"end":{"line":245,"column":8}},"50":{"start":{"line":249,"column":6},"end":{"line":250,"column":45}},"51":{"start":{"line":252,"column":4},"end":{"line":263,"column":5}},"52":{"start":{"line":256,"column":6},"end":{"line":262,"column":8}},"53":{"start":{"line":265,"column":4},"end":{"line":278,"column":5}},"54":{"start":{"line":271,"column":6},"end":{"line":277,"column":8}},"55":{"start":{"line":280,"column":25},"end":{"line":283,"column":5}},"56":{"start":{"line":284,"column":24},"end":{"line":287,"column":5}},"57":{"start":{"line":288,"column":24},"end":{"line":288,"column":56}},"58":{"start":{"line":291,"column":4},"end":{"line":341,"column":5}},"59":{"start":{"line":292,"column":6},"end":{"line":292,"column":75}},"60":{"start":{"line":293,"column":6},"end":{"line":295,"column":25}},"61":{"start":{"line":294,"column":23},"end":{"line":294,"column":45}},"62":{"start":{"line":297,"column":18},"end":{"line":300,"column":7}},"63":{"start":{"line":301,"column":27},"end":{"line":301,"column":50}},"64":{"start":{"line":303,"column":6},"end":{"line":328,"column":7}},"65":{"start":{"line":304,"column":24},"end":{"line":304,"column":74}},"66":{"start":{"line":304,"column":51},"end":{"line":304,"column":73}},"67":{"start":{"line":305,"column":8},"end":{"line":319,"column":9}},"68":{"start":{"line":306,"column":10},"end":{"line":309,"column":13}},"69":{"start":{"line":311,"column":10},"end":{"line":318,"column":12}},"70":{"start":{"line":321,"column":8},"end":{"line":327,"column":10}},"71":{"start":{"line":331,"column":8},"end":{"line":333,"column":56}},"72":{"start":{"line":335,"column":6},"end":{"line":340,"column":8}},"73":{"start":{"line":343,"column":4},"end":{"line":343,"column":49}},"74":{"start":{"line":344,"column":4},"end":{"line":344,"column":27}},"75":{"start":{"line":346,"column":24},"end":{"line":346,"column":41}},"76":{"start":{"line":347,"column":4},"end":{"line":347,"column":71}},"77":{"start":{"line":349,"column":31},"end":{"line":349,"column":61}},"78":{"start":{"line":350,"column":25},"end":{"line":353,"column":5}},"79":{"start":{"line":354,"column":20},"end":{"line":357,"column":5}},"80":{"start":{"line":358,"column":28},"end":{"line":358,"column":76}},"81":{"start":{"line":360,"column":4},"end":{"line":372,"column":5}},"82":{"start":{"line":361,"column":20},"end":{"line":361,"column":47}},"83":{"start":{"line":362,"column":6},"end":{"line":371,"column":9}},"84":{"start":{"line":374,"column":4},"end":{"line":387,"column":5}},"85":{"start":{"line":380,"column":6},"end":{"line":386,"column":9}},"86":{"start":{"line":389,"column":4},"end":{"line":398,"column":5}},"87":{"start":{"line":390,"column":26},"end":{"line":390,"column":63}},"88":{"start":{"line":391,"column":6},"end":{"line":397,"column":9}},"89":{"start":{"line":400,"column":4},"end":{"line":408,"column":5}},"90":{"start":{"line":401,"column":6},"end":{"line":407,"column":9}},"91":{"start":{"line":410,"column":22},"end":{"line":410,"column":70}},"92":{"start":{"line":411,"column":25},"end":{"line":419,"column":5}},"93":{"start":{"line":421,"column":34},"end":{"line":421,"column":54}},"94":{"start":{"line":422,"column":4},"end":{"line":422,"column":26}},"95":{"start":{"line":424,"column":4},"end":{"line":429,"column":6}},"96":{"start":{"line":431,"column":4},"end":{"line":431,"column":32}},"97":{"start":{"line":432,"column":4},"end":{"line":437,"column":6}}},"fnMap":{"0":{"name":"heldProductMessage","decl":{"start":{"line":109,"column":9},"end":{"line":109,"column":27}},"loc":{"start":{"line":112,"column":10},"end":{"line":122,"column":1}},"line":112},"1":{"name":"(anonymous_1)","decl":{"start":{"line":115,"column":6},"end":{"line":115,"column":7}},"loc":{"start":{"line":116,"column":8},"end":{"line":116,"column":75}},"line":116},"2":{"name":"cartDriftMessage","decl":{"start":{"line":124,"column":9},"end":{"line":124,"column":25}},"loc":{"start":{"line":128,"column":10},"end":{"line":146,"column":1}},"line":128},"3":{"name":"runCheckoutFlow","decl":{"start":{"line":148,"column":22},"end":{"line":148,"column":37}},"loc":{"start":{"line":150,"column":31},"end":{"line":439,"column":1}},"line":150},"4":{"name":"(anonymous_4)","decl":{"start":{"line":175,"column":30},"end":{"line":175,"column":31}},"loc":{"start":{"line":175,"column":42},"end":{"line":184,"column":3}},"line":175},"5":{"name":"(anonymous_5)","decl":{"start":{"line":186,"column":25},"end":{"line":186,"column":26}},"loc":{"start":{"line":188,"column":36},"end":{"line":191,"column":3}},"line":188},"6":{"name":"(anonymous_6)","decl":{"start":{"line":294,"column":13},"end":{"line":294,"column":14}},"loc":{"start":{"line":294,"column":23},"end":{"line":294,"column":45}},"line":294},"7":{"name":"(anonymous_7)","decl":{"start":{"line":304,"column":41},"end":{"line":304,"column":42}},"loc":{"start":{"line":304,"column":51},"end":{"line":304,"column":73}},"line":304}},"branchMap":{"0":{"loc":{"start":{"line":114,"column":4},"end":{"line":117,"column":42}},"type":"binary-expr","locations":[{"start":{"line":114,"column":4},"end":{"line":117,"column":27}},{"start":{"line":117,"column":31},"end":{"line":117,"column":42}}],"line":114},"1":{"loc":{"start":{"line":116,"column":15},"end":{"line":116,"column":59}},"type":"binary-expr","locations":[{"start":{"line":116,"column":15},"end":{"line":116,"column":40}},{"start":{"line":116,"column":44},"end":{"line":116,"column":59}}],"line":116},"2":{"loc":{"start":{"line":119,"column":9},"end":{"line":121,"column":80}},"type":"cond-expr","locations":[{"start":{"line":120,"column":6},"end":{"line":120,"column":88}},{"start":{"line":121,"column":6},"end":{"line":121,"column":80}}],"line":119},"3":{"loc":{"start":{"line":130,"column":22},"end":{"line":130,"column":49}},"type":"binary-expr","locations":[{"start":{"line":130,"column":22},"end":{"line":130,"column":43}},{"start":{"line":130,"column":47},"end":{"line":130,"column":49}}],"line":130},"4":{"loc":{"start":{"line":131,"column":18},"end":{"line":133,"column":17}},"type":"cond-expr","locations":[{"start":{"line":132,"column":6},"end":{"line":132,"column":49}},{"start":{"line":133,"column":6},"end":{"line":133,"column":17}}],"line":131},"5":{"loc":{"start":{"line":136,"column":2},"end":{"line":138,"column":3}},"type":"if","locations":[{"start":{"line":136,"column":2},"end":{"line":138,"column":3}},{"start":{},"end":{}}],"line":136},"6":{"loc":{"start":{"line":139,"column":2},"end":{"line":144,"column":3}},"type":"if","locations":[{"start":{"line":139,"column":2},"end":{"line":144,"column":3}},{"start":{},"end":{}}],"line":139},"7":{"loc":{"start":{"line":140,"column":4},"end":{"line":142,"column":5}},"type":"if","locations":[{"start":{"line":140,"column":4},"end":{"line":142,"column":5}},{"start":{},"end":{}}],"line":140},"8":{"loc":{"start":{"line":156,"column":4},"end":{"line":156,"column":48}},"type":"default-arg","locations":[{"start":{"line":156,"column":20},"end":{"line":156,"column":48}}],"line":156},"9":{"loc":{"start":{"line":156,"column":20},"end":{"line":156,"column":48}},"type":"binary-expr","locations":[{"start":{"line":156,"column":20},"end":{"line":156,"column":43}},{"start":{"line":156,"column":47},"end":{"line":156,"column":48}}],"line":156},"10":{"loc":{"start":{"line":157,"column":4},"end":{"line":157,"column":20}},"type":"default-arg","locations":[{"start":{"line":157,"column":10},"end":{"line":157,"column":20}}],"line":157},"11":{"loc":{"start":{"line":176,"column":4},"end":{"line":176,"column":40}},"type":"if","locations":[{"start":{"line":176,"column":4},"end":{"line":176,"column":40}},{"start":{},"end":{}}],"line":176},"12":{"loc":{"start":{"line":195,"column":6},"end":{"line":195,"column":33}},"type":"binary-expr","locations":[{"start":{"line":195,"column":6},"end":{"line":195,"column":27}},{"start":{"line":195,"column":31},"end":{"line":195,"column":33}}],"line":195},"13":{"loc":{"start":{"line":204,"column":21},"end":{"line":204,"column":64}},"type":"binary-expr","locations":[{"start":{"line":204,"column":21},"end":{"line":204,"column":48}},{"start":{"line":204,"column":52},"end":{"line":204,"column":64}}],"line":204},"14":{"loc":{"start":{"line":220,"column":4},"end":{"line":222,"column":5}},"type":"if","locations":[{"start":{"line":220,"column":4},"end":{"line":222,"column":5}},{"start":{},"end":{}}],"line":220},"15":{"loc":{"start":{"line":220,"column":8},"end":{"line":220,"column":52}},"type":"binary-expr","locations":[{"start":{"line":220,"column":8},"end":{"line":220,"column":27}},{"start":{"line":220,"column":31},"end":{"line":220,"column":52}}],"line":220},"16":{"loc":{"start":{"line":235,"column":4},"end":{"line":237,"column":5}},"type":"if","locations":[{"start":{"line":235,"column":4},"end":{"line":237,"column":5}},{"start":{},"end":{}}],"line":235},"17":{"loc":{"start":{"line":239,"column":4},"end":{"line":246,"column":5}},"type":"if","locations":[{"start":{"line":239,"column":4},"end":{"line":246,"column":5}},{"start":{},"end":{}}],"line":239},"18":{"loc":{"start":{"line":249,"column":6},"end":{"line":250,"column":45}},"type":"binary-expr","locations":[{"start":{"line":249,"column":6},"end":{"line":249,"column":40}},{"start":{"line":250,"column":6},"end":{"line":250,"column":45}}],"line":249},"19":{"loc":{"start":{"line":252,"column":4},"end":{"line":263,"column":5}},"type":"if","locations":[{"start":{"line":252,"column":4},"end":{"line":263,"column":5}},{"start":{},"end":{}}],"line":252},"20":{"loc":{"start":{"line":253,"column":6},"end":{"line":254,"column":30}},"type":"binary-expr","locations":[{"start":{"line":253,"column":6},"end":{"line":253,"column":59}},{"start":{"line":254,"column":6},"end":{"line":254,"column":30}}],"line":253},"21":{"loc":{"start":{"line":265,"column":4},"end":{"line":278,"column":5}},"type":"if","locations":[{"start":{"line":265,"column":4},"end":{"line":278,"column":5}},{"start":{},"end":{}}],"line":265},"22":{"loc":{"start":{"line":281,"column":6},"end":{"line":281,"column":33}},"type":"binary-expr","locations":[{"start":{"line":281,"column":6},"end":{"line":281,"column":27}},{"start":{"line":281,"column":31},"end":{"line":281,"column":33}}],"line":281},"23":{"loc":{"start":{"line":303,"column":6},"end":{"line":328,"column":7}},"type":"if","locations":[{"start":{"line":303,"column":6},"end":{"line":328,"column":7}},{"start":{},"end":{}}],"line":303},"24":{"loc":{"start":{"line":303,"column":10},"end":{"line":303,"column":64}},"type":"binary-expr","locations":[{"start":{"line":303,"column":10},"end":{"line":303,"column":37}},{"start":{"line":303,"column":41},"end":{"line":303,"column":64}}],"line":303},"25":{"loc":{"start":{"line":308,"column":30},"end":{"line":308,"column":60}},"type":"binary-expr","locations":[{"start":{"line":308,"column":30},"end":{"line":308,"column":54}},{"start":{"line":308,"column":58},"end":{"line":308,"column":60}}],"line":308},"26":{"loc":{"start":{"line":331,"column":8},"end":{"line":333,"column":56}},"type":"binary-expr","locations":[{"start":{"line":331,"column":8},"end":{"line":331,"column":26}},{"start":{"line":332,"column":8},"end":{"line":332,"column":24}},{"start":{"line":333,"column":8},"end":{"line":333,"column":56}}],"line":331},"27":{"loc":{"start":{"line":349,"column":31},"end":{"line":349,"column":61}},"type":"binary-expr","locations":[{"start":{"line":349,"column":31},"end":{"line":349,"column":55}},{"start":{"line":349,"column":59},"end":{"line":349,"column":61}}],"line":349},"28":{"loc":{"start":{"line":360,"column":4},"end":{"line":372,"column":5}},"type":"if","locations":[{"start":{"line":360,"column":4},"end":{"line":372,"column":5}},{"start":{},"end":{}}],"line":360},"29":{"loc":{"start":{"line":366,"column":10},"end":{"line":368,"column":84}},"type":"cond-expr","locations":[{"start":{"line":367,"column":14},"end":{"line":367,"column":100}},{"start":{"line":368,"column":14},"end":{"line":368,"column":84}}],"line":366},"30":{"loc":{"start":{"line":374,"column":4},"end":{"line":387,"column":5}},"type":"if","locations":[{"start":{"line":374,"column":4},"end":{"line":387,"column":5}},{"start":{},"end":{}}],"line":374},"31":{"loc":{"start":{"line":375,"column":6},"end":{"line":378,"column":45}},"type":"binary-expr","locations":[{"start":{"line":375,"column":6},"end":{"line":375,"column":43}},{"start":{"line":376,"column":6},"end":{"line":376,"column":47}},{"start":{"line":377,"column":6},"end":{"line":377,"column":45}},{"start":{"line":378,"column":6},"end":{"line":378,"column":45}}],"line":375},"32":{"loc":{"start":{"line":377,"column":7},"end":{"line":377,"column":40}},"type":"binary-expr","locations":[{"start":{"line":377,"column":7},"end":{"line":377,"column":35}},{"start":{"line":377,"column":39},"end":{"line":377,"column":40}}],"line":377},"33":{"loc":{"start":{"line":378,"column":7},"end":{"line":378,"column":40}},"type":"binary-expr","locations":[{"start":{"line":378,"column":7},"end":{"line":378,"column":35}},{"start":{"line":378,"column":39},"end":{"line":378,"column":40}}],"line":378},"34":{"loc":{"start":{"line":389,"column":4},"end":{"line":398,"column":5}},"type":"if","locations":[{"start":{"line":389,"column":4},"end":{"line":398,"column":5}},{"start":{},"end":{}}],"line":389},"35":{"loc":{"start":{"line":389,"column":9},"end":{"line":389,"column":56}},"type":"binary-expr","locations":[{"start":{"line":389,"column":9},"end":{"line":389,"column":51}},{"start":{"line":389,"column":55},"end":{"line":389,"column":56}}],"line":389},"36":{"loc":{"start":{"line":400,"column":4},"end":{"line":408,"column":5}},"type":"if","locations":[{"start":{"line":400,"column":4},"end":{"line":408,"column":5}},{"start":{},"end":{}}],"line":400},"37":{"loc":{"start":{"line":400,"column":9},"end":{"line":400,"column":51}},"type":"binary-expr","locations":[{"start":{"line":400,"column":9},"end":{"line":400,"column":46}},{"start":{"line":400,"column":50},"end":{"line":400,"column":51}}],"line":400},"38":{"loc":{"start":{"line":410,"column":22},"end":{"line":410,"column":70}},"type":"binary-expr","locations":[{"start":{"line":410,"column":22},"end":{"line":410,"column":48}},{"start":{"line":410,"column":52},"end":{"line":410,"column":65}},{"start":{"line":410,"column":69},"end":{"line":410,"column":70}}],"line":410},"39":{"loc":{"start":{"line":421,"column":34},"end":{"line":421,"column":54}},"type":"binary-expr","locations":[{"start":{"line":421,"column":34},"end":{"line":421,"column":48}},{"start":{"line":421,"column":52},"end":{"line":421,"column":54}}],"line":421}},"s":{"0":1,"1":1,"2":1,"3":2,"4":2,"5":2,"6":2,"7":2,"8":0,"9":2,"10":0,"11":0,"12":0,"13":2,"14":18,"15":18,"16":18,"17":7,"18":0,"19":7,"20":7,"21":7,"22":7,"23":18,"24":5,"25":5,"26":18,"27":18,"28":18,"29":18,"30":18,"31":18,"32":18,"33":17,"34":18,"35":18,"36":18,"37":18,"38":18,"39":18,"40":17,"41":18,"42":18,"43":18,"44":18,"45":18,"46":18,"47":18,"48":18,"49":2,"50":16,"51":16,"52":1,"53":15,"54":1,"55":14,"56":14,"57":14,"58":14,"59":14,"60":11,"61":11,"62":3,"63":3,"64":3,"65":2,"66":2,"67":2,"68":2,"69":1,"70":1,"71":1,"72":1,"73":11,"74":9,"75":9,"76":9,"77":9,"78":9,"79":9,"80":9,"81":9,"82":1,"83":1,"84":8,"85":2,"86":6,"87":1,"88":1,"89":5,"90":1,"91":4,"92":4,"93":4,"94":4,"95":4,"96":2,"97":2},"f":{"0":1,"1":1,"2":2,"3":18,"4":7,"5":5,"6":11,"7":2},"b":{"0":[1,0],"1":[1,0],"2":[1,0],"3":[2,0],"4":[0,2],"5":[0,2],"6":[0,2],"7":[0,0],"8":[0],"9":[0,0],"10":[0],"11":[0,7],"12":[18,0],"13":[17,0],"14":[17,1],"15":[18,17],"16":[18,0],"17":[2,16],"18":[16,1],"19":[1,15],"20":[16,2],"21":[1,14],"22":[14,0],"23":[2,1],"24":[3,2],"25":[2,0],"26":[1,0,0],"27":[9,0],"28":[1,8],"29":[1,0],"30":[2,6],"31":[8,8,8,6],"32":[8,0],"33":[6,0],"34":[1,5],"35":[6,0],"36":[1,4],"37":[5,0],"38":[4,0,0],"39":[4,0]},"_coverageSchema":"1a1c01bbd47fc00a2c39e90264f33305004495a9","hash":"e60853a6ebcd67a9538857c4a7a96ba54c743f50"}
,"/Users/shivamgarg/Desktop/projects/ramnath-pansari/utils/storeConfig.ts": {"path":"/Users/shivamgarg/Desktop/projects/ramnath-pansari/utils/storeConfig.ts","statementMap":{"0":{"start":{"line":28,"column":2},"end":{"line":32,"column":4}},"1":{"start":{"line":38,"column":2},"end":{"line":44,"column":4}},"2":{"start":{"line":50,"column":2},"end":{"line":54,"column":4}},"3":{"start":{"line":58,"column":27},"end":{"line":58,"column":54}},"4":{"start":{"line":59,"column":2},"end":{"line":59,"column":44}},"5":{"start":{"line":63,"column":20},"end":{"line":68,"column":4}},"6":{"start":{"line":69,"column":16},"end":{"line":69,"column":45}},"7":{"start":{"line":70,"column":15},"end":{"line":70,"column":71}},"8":{"start":{"line":70,"column":40},"end":{"line":70,"column":57}},"9":{"start":{"line":71,"column":17},"end":{"line":71,"column":75}},"10":{"start":{"line":71,"column":42},"end":{"line":71,"column":61}},"11":{"start":{"line":72,"column":2},"end":{"line":72,"column":28}},"12":{"start":{"line":79,"column":19},"end":{"line":79,"column":48}},"13":{"start":{"line":80,"column":21},"end":{"line":80,"column":60}},"14":{"start":{"line":81,"column":22},"end":{"line":81,"column":59}},"15":{"start":{"line":82,"column":23},"end":{"line":82,"column":61}},"16":{"start":{"line":83,"column":2},"end":{"line":83,"column":64}},"17":{"start":{"line":90,"column":19},"end":{"line":90,"column":50}},"18":{"start":{"line":91,"column":2},"end":{"line":91,"column":46}},"19":{"start":{"line":91,"column":33},"end":{"line":91,"column":46}},"20":{"start":{"line":92,"column":2},"end":{"line":92,"column":47}},"21":{"start":{"line":96,"column":19},"end":{"line":96,"column":48}},"22":{"start":{"line":97,"column":2},"end":{"line":97,"column":56}},"23":{"start":{"line":103,"column":19},"end":{"line":103,"column":50}},"24":{"start":{"line":104,"column":2},"end":{"line":106,"column":3}},"25":{"start":{"line":105,"column":4},"end":{"line":105,"column":76}},"26":{"start":{"line":107,"column":2},"end":{"line":107,"column":147}},"27":{"start":{"line":115,"column":2},"end":{"line":115,"column":53}},"28":{"start":{"line":115,"column":41},"end":{"line":115,"column":53}},"29":{"start":{"line":116,"column":2},"end":{"line":116,"column":90}},"30":{"start":{"line":125,"column":16},"end":{"line":125,"column":58}},"31":{"start":{"line":125,"column":35},"end":{"line":125,"column":58}},"32":{"start":{"line":126,"column":12},"end":{"line":126,"column":16}},"33":{"start":{"line":127,"column":15},"end":{"line":127,"column":33}},"34":{"start":{"line":128,"column":15},"end":{"line":128,"column":33}},"35":{"start":{"line":130,"column":4},"end":{"line":131,"column":75}},"36":{"start":{"line":132,"column":12},"end":{"line":132,"column":58}},"37":{"start":{"line":133,"column":2},"end":{"line":133,"column":15}},"38":{"start":{"line":140,"column":19},"end":{"line":140,"column":56}},"39":{"start":{"line":141,"column":21},"end":{"line":146,"column":3}},"40":{"start":{"line":147,"column":2},"end":{"line":150,"column":4}},"41":{"start":{"line":157,"column":12},"end":{"line":157,"column":36}},"42":{"start":{"line":158,"column":12},"end":{"line":158,"column":38}},"43":{"start":{"line":159,"column":2},"end":{"line":167,"column":4}}},"fnMap":{"0":{"name":"resolveStoreHours","decl":{"start":{"line":25,"column":16},"end":{"line":25,"column":33}},"loc":{"start":{"line":27,"column":22},"end":{"line":33,"column":1}},"line":27},"1":{"name":"resolveDeliveryRadius","decl":{"start":{"line":35,"column":16},"end":{"line":35,"column":37}},"loc":{"start":{"line":37,"column":26},"end":{"line":45,"column":1}},"line":37},"2":{"name":"resolveStoreConfig","decl":{"start":{"line":47,"column":16},"end":{"line":47,"column":34}},"loc":{"start":{"line":49,"column":15},"end":{"line":55,"column":1}},"line":49},"3":{"name":"parseTimeToMinutes","decl":{"start":{"line":57,"column":9},"end":{"line":57,"column":27}},"loc":{"start":{"line":57,"column":50},"end":{"line":60,"column":1}},"line":57},"4":{"name":"getZonedMinutes","decl":{"start":{"line":62,"column":9},"end":{"line":62,"column":24}},"loc":{"start":{"line":62,"column":63},"end":{"line":73,"column":1}},"line":62},"5":{"name":"(anonymous_5)","decl":{"start":{"line":70,"column":33},"end":{"line":70,"column":34}},"loc":{"start":{"line":70,"column":40},"end":{"line":70,"column":57}},"line":70},"6":{"name":"(anonymous_6)","decl":{"start":{"line":71,"column":35},"end":{"line":71,"column":36}},"loc":{"start":{"line":71,"column":42},"end":{"line":71,"column":61}},"line":71},"7":{"name":"isStoreOpen","decl":{"start":{"line":75,"column":16},"end":{"line":75,"column":27}},"loc":{"start":{"line":78,"column":11},"end":{"line":84,"column":1}},"line":78},"8":{"name":"canAcceptOrders","decl":{"start":{"line":86,"column":16},"end":{"line":86,"column":31}},"loc":{"start":{"line":89,"column":11},"end":{"line":93,"column":1}},"line":89},"9":{"name":"formatStoreHoursLabel","decl":{"start":{"line":95,"column":16},"end":{"line":95,"column":37}},"loc":{"start":{"line":95,"column":78},"end":{"line":98,"column":1}},"line":95},"10":{"name":"getStoreClosedMessage","decl":{"start":{"line":100,"column":16},"end":{"line":100,"column":37}},"loc":{"start":{"line":102,"column":10},"end":{"line":108,"column":1}},"line":102},"11":{"name":"getStoreClosedCacheHint","decl":{"start":{"line":111,"column":16},"end":{"line":111,"column":39}},"loc":{"start":{"line":114,"column":17},"end":{"line":117,"column":1}},"line":114},"12":{"name":"getDistanceKm","decl":{"start":{"line":119,"column":16},"end":{"line":119,"column":29}},"loc":{"start":{"line":124,"column":10},"end":{"line":134,"column":1}},"line":124},"13":{"name":"(anonymous_13)","decl":{"start":{"line":125,"column":16},"end":{"line":125,"column":17}},"loc":{"start":{"line":125,"column":35},"end":{"line":125,"column":58}},"line":125},"14":{"name":"checkDeliveryRadius","decl":{"start":{"line":136,"column":16},"end":{"line":136,"column":35}},"loc":{"start":{"line":139,"column":43},"end":{"line":151,"column":1}},"line":139},"15":{"name":"hasStoreConfigChanged","decl":{"start":{"line":153,"column":16},"end":{"line":153,"column":37}},"loc":{"start":{"line":156,"column":11},"end":{"line":168,"column":1}},"line":156}},"branchMap":{"0":{"loc":{"start":{"line":29,"column":14},"end":{"line":29,"column":64}},"type":"binary-expr","locations":[{"start":{"line":29,"column":14},"end":{"line":29,"column":32}},{"start":{"line":29,"column":36},"end":{"line":29,"column":64}}],"line":29},"1":{"loc":{"start":{"line":30,"column":15},"end":{"line":30,"column":67}},"type":"binary-expr","locations":[{"start":{"line":30,"column":15},"end":{"line":30,"column":34}},{"start":{"line":30,"column":38},"end":{"line":30,"column":67}}],"line":30},"2":{"loc":{"start":{"line":31,"column":14},"end":{"line":31,"column":64}},"type":"binary-expr","locations":[{"start":{"line":31,"column":14},"end":{"line":31,"column":32}},{"start":{"line":31,"column":36},"end":{"line":31,"column":64}}],"line":31},"3":{"loc":{"start":{"line":39,"column":14},"end":{"line":39,"column":68}},"type":"binary-expr","locations":[{"start":{"line":39,"column":14},"end":{"line":39,"column":32}},{"start":{"line":39,"column":36},"end":{"line":39,"column":68}}],"line":39},"4":{"loc":{"start":{"line":41,"column":6},"end":{"line":41,"column":72}},"type":"binary-expr","locations":[{"start":{"line":41,"column":6},"end":{"line":41,"column":30}},{"start":{"line":41,"column":34},"end":{"line":41,"column":72}}],"line":41},"5":{"loc":{"start":{"line":43,"column":6},"end":{"line":43,"column":74}},"type":"binary-expr","locations":[{"start":{"line":43,"column":6},"end":{"line":43,"column":31}},{"start":{"line":43,"column":35},"end":{"line":43,"column":74}}],"line":43},"6":{"loc":{"start":{"line":59,"column":10},"end":{"line":59,"column":20}},"type":"binary-expr","locations":[{"start":{"line":59,"column":10},"end":{"line":59,"column":15}},{"start":{"line":59,"column":19},"end":{"line":59,"column":20}}],"line":59},"7":{"loc":{"start":{"line":59,"column":30},"end":{"line":59,"column":42}},"type":"binary-expr","locations":[{"start":{"line":59,"column":30},"end":{"line":59,"column":37}},{"start":{"line":59,"column":41},"end":{"line":59,"column":42}}],"line":59},"8":{"loc":{"start":{"line":70,"column":22},"end":{"line":70,"column":70}},"type":"binary-expr","locations":[{"start":{"line":70,"column":22},"end":{"line":70,"column":65}},{"start":{"line":70,"column":69},"end":{"line":70,"column":70}}],"line":70},"9":{"loc":{"start":{"line":71,"column":24},"end":{"line":71,"column":74}},"type":"binary-expr","locations":[{"start":{"line":71,"column":24},"end":{"line":71,"column":69}},{"start":{"line":71,"column":73},"end":{"line":71,"column":74}}],"line":71},"10":{"loc":{"start":{"line":77,"column":2},"end":{"line":77,"column":24}},"type":"default-arg","locations":[{"start":{"line":77,"column":14},"end":{"line":77,"column":24}}],"line":77},"11":{"loc":{"start":{"line":83,"column":9},"end":{"line":83,"column":63}},"type":"binary-expr","locations":[{"start":{"line":83,"column":9},"end":{"line":83,"column":34}},{"start":{"line":83,"column":38},"end":{"line":83,"column":63}}],"line":83},"12":{"loc":{"start":{"line":88,"column":2},"end":{"line":88,"column":24}},"type":"default-arg","locations":[{"start":{"line":88,"column":14},"end":{"line":88,"column":24}}],"line":88},"13":{"loc":{"start":{"line":91,"column":2},"end":{"line":91,"column":46}},"type":"if","locations":[{"start":{"line":91,"column":2},"end":{"line":91,"column":46}},{"start":{},"end":{}}],"line":91},"14":{"loc":{"start":{"line":104,"column":2},"end":{"line":106,"column":3}},"type":"if","locations":[{"start":{"line":104,"column":2},"end":{"line":106,"column":3}},{"start":{},"end":{}}],"line":104},"15":{"loc":{"start":{"line":115,"column":2},"end":{"line":115,"column":53}},"type":"if","locations":[{"start":{"line":115,"column":2},"end":{"line":115,"column":53}},{"start":{},"end":{}}],"line":115},"16":{"loc":{"start":{"line":160,"column":4},"end":{"line":166,"column":73}},"type":"binary-expr","locations":[{"start":{"line":160,"column":4},"end":{"line":160,"column":43}},{"start":{"line":161,"column":4},"end":{"line":161,"column":51}},{"start":{"line":162,"column":4},"end":{"line":162,"column":53}},{"start":{"line":163,"column":4},"end":{"line":163,"column":51}},{"start":{"line":164,"column":4},"end":{"line":164,"column":59}},{"start":{"line":165,"column":4},"end":{"line":165,"column":71}},{"start":{"line":166,"column":4},"end":{"line":166,"column":73}}],"line":160}},"s":{"0":135,"1":98,"2":98,"3":74,"4":74,"5":37,"6":37,"7":37,"8":37,"9":37,"10":111,"11":37,"12":37,"13":37,"14":37,"15":37,"16":37,"17":39,"18":39,"19":4,"20":35,"21":0,"22":0,"23":3,"24":3,"25":2,"26":1,"27":2,"28":1,"29":1,"30":0,"31":0,"32":0,"33":0,"34":0,"35":0,"36":0,"37":0,"38":0,"39":0,"40":0,"41":17,"42":17,"43":17},"f":{"0":135,"1":98,"2":98,"3":74,"4":37,"5":37,"6":111,"7":37,"8":39,"9":0,"10":3,"11":2,"12":0,"13":0,"14":0,"15":17},"b":{"0":[135,3],"1":[135,3],"2":[135,3],"3":[98,4],"4":[98,4],"5":[98,4],"6":[74,0],"7":[74,0],"8":[37,0],"9":[37,0],"10":[0],"11":[37,34],"12":[1],"13":[4,35],"14":[2,1],"15":[1,1],"16":[17,16,14,14,14,14,14]},"_coverageSchema":"1a1c01bbd47fc00a2c39e90264f33305004495a9","hash":"8df531d69d29f8042961ce2777b176c141d1387b"}
}
