TN:
SF:components/cart/utils.ts
FN:4,(anonymous_0)
FN:5,(anonymous_1)
FN:18,(anonymous_2)
FN:19,(anonymous_3)
FN:33,(anonymous_4)
FN:37,(anonymous_5)
FN:40,(anonymous_6)
FN:43,(anonymous_7)
FN:49,(anonymous_8)
FN:57,(anonymous_9)
FN:90,(anonymous_10)
FN:99,(anonymous_11)
FN:105,(anonymous_12)
FN:111,(anonymous_13)
FNF:14
FNH:9
FNDA:5,(anonymous_0)
FNDA:5,(anonymous_1)
FNDA:0,(anonymous_2)
FNDA:0,(anonymous_3)
FNDA:0,(anonymous_4)
FNDA:0,(anonymous_5)
FNDA:65,(anonymous_6)
FNDA:11,(anonymous_7)
FNDA:11,(anonymous_8)
FNDA:10,(anonymous_9)
FNDA:0,(anonymous_10)
FNDA:11,(anonymous_11)
FNDA:11,(anonymous_12)
FNDA:12,(anonymous_13)
DA:4,3
DA:5,5
DA:6,5
DA:14,5
DA:18,3
DA:19,0
DA:20,0
DA:28,0
DA:33,3
DA:34,0
DA:37,3
DA:38,0
DA:40,3
DA:41,65
DA:43,3
DA:44,11
DA:45,11
DA:48,11
DA:51,11
DA:57,11
DA:58,10
DA:60,10
DA:62,10
DA:66,3
DA:75,10
DA:80,11
DA:81,1
DA:87,11
DA:90,3
DA:91,0
DA:99,3
DA:100,11
DA:101,11
DA:104,11
DA:106,11
DA:111,11
DA:112,12
DA:114,12
DA:115,11
DA:116,11
DA:119,11
DA:120,4
DA:121,4
DA:122,4
DA:125,4
DA:126,2
DA:132,2
DA:136,2
DA:145,2
DA:151,0
DA:152,0
DA:164,11
DA:168,11
LF:53
LH:45
BRDA:4,0,0,0
BRDA:6,1,0,5
BRDA:6,1,1,0
BRDA:18,2,0,0
BRDA:20,3,0,0
BRDA:20,3,1,0
BRDA:33,4,0,0
BRDA:37,5,0,0
BRDA:41,6,0,65
BRDA:41,6,1,0
BRDA:60,7,0,10
BRDA:60,7,1,0
BRDA:62,8,0,3
BRDA:62,8,1,7
BRDA:91,9,0,0
BRDA:91,9,1,0
BRDA:91,9,2,0
BRDA:91,9,3,0
BRDA:114,10,0,11
BRDA:114,10,1,1
BRDA:115,11,0,11
BRDA:115,11,1,0
BRDA:116,12,0,11
BRDA:116,12,1,0
BRDA:119,13,0,4
BRDA:119,13,1,7
BRDA:120,14,0,4
BRDA:120,14,1,0
BRDA:121,15,0,4
BRDA:121,15,1,0
BRDA:125,16,0,2
BRDA:125,16,1,2
BRDA:132,17,0,2
BRDA:132,17,1,0
BRDA:133,18,0,2
BRDA:133,18,1,2
BRDA:133,18,2,0
BRDA:151,19,0,0
BRDA:151,19,1,0
BRF:39
BRH:18
end_of_record
TN:
SF:constants/Delivery.ts
FNF:0
FNH:0
DA:1,5
DA:7,5
DA:10,5
LF:3
LH:3
BRF:0
BRH:0
end_of_record
TN:
SF:constants/StoreConfig.ts
FNF:0
FNH:0
DA:1,3
DA:7,3
DA:13,3
LF:3
LH:3
BRF:0
BRH:0
end_of_record
TN:
SF:utils/cartOfferUtils.ts
FN:10,isPromoFreebieLine
FN:14,getPaidCartItems
FN:15,(anonymous_2)
FN:19,isOfferGiftLine
FN:24,getCatalogBillItems
FN:25,(anonymous_5)
FN:28,getPaidCartPayload
FN:29,(anonymous_7)
FN:36,getLockableProductIds
FN:38,(anonymous_9)
FN:40,(anonymous_10)
FN:43,getPaidSubtotalFromItems
FN:50,computeDiscountAmount
FN:65,computeAppliedOrderDiscounts
FN:69,(anonymous_14)
FN:87,computeOrderDiscountFromOffers
FN:93,(anonymous_16)
FN:98,promoLineKey
FN:103,effectivePromoPrice
FN:120,findPromoOfferChanges
FN:130,(anonymous_20)
FN:160,(anonymous_21)
FN:170,dedupeCartItems
FN:183,(anonymous_23)
FNF:24
FNH:14
FNDA:65,isPromoFreebieLine
FNDA:38,getPaidCartItems
FNDA:41,(anonymous_2)
FNDA:0,isOfferGiftLine
FNDA:0,getCatalogBillItems
FNDA:0,(anonymous_5)
FNDA:15,getPaidCartPayload
FNDA:15,(anonymous_7)
FNDA:0,getLockableProductIds
FNDA:0,(anonymous_9)
FNDA:0,(anonymous_10)
FNDA:0,getPaidSubtotalFromItems
FNDA:4,computeDiscountAmount
FNDA:3,computeAppliedOrderDiscounts
FNDA:6,(anonymous_14)
FNDA:2,computeOrderDiscountFromOffers
FNDA:2,(anonymous_16)
FNDA:4,promoLineKey
FNDA:4,effectivePromoPrice
FNDA:11,findPromoOfferChanges
FNDA:1,(anonymous_20)
FNDA:0,(anonymous_21)
FNDA:0,dedupeCartItems
FNDA:0,(anonymous_23)
DA:11,65
DA:15,41
DA:20,0
DA:21,0
DA:25,0
DA:29,15
DA:37,0
DA:38,0
DA:40,0
DA:47,0
DA:55,4
DA:58,4
DA:59,2
DA:61,4
DA:69,6
DA:70,3
DA:72,3
DA:73,9
DA:74,7
DA:75,4
DA:83,3
DA:91,2
DA:93,2
DA:99,4
DA:100,4
DA:104,4
DA:128,11
DA:129,11
DA:130,11
DA:132,11
DA:133,11
DA:135,11
DA:136,3
DA:137,3
DA:139,3
DA:140,2
DA:145,2
DA:148,1
DA:149,1
DA:150,1
DA:151,1
DA:157,1
DA:160,11
DA:166,11
DA:171,0
DA:172,0
DA:173,0
DA:174,0
DA:175,0
DA:176,0
DA:183,0
DA:184,0
DA:185,0
DA:186,0
DA:187,0
DA:188,0
DA:189,0
LF:57
LH:37
BRDA:14,0,0,0
BRDA:20,1,0,0
BRDA:20,1,1,0
BRDA:21,2,0,0
BRDA:21,2,1,0
BRDA:24,3,0,0
BRDA:28,4,0,0
BRDA:30,5,0,15
BRDA:30,5,1,0
BRDA:31,6,0,15
BRDA:31,6,1,0
BRDA:36,7,0,0
BRDA:38,8,0,0
BRDA:38,8,1,0
BRDA:38,8,2,0
BRDA:44,9,0,0
BRDA:55,10,0,2
BRDA:55,10,1,2
BRDA:58,11,0,2
BRDA:58,11,1,2
BRDA:67,12,0,0
BRDA:73,13,0,2
BRDA:73,13,1,7
BRDA:73,14,0,9
BRDA:73,14,1,9
BRDA:74,15,0,4
BRDA:74,15,1,3
BRDA:74,16,0,7
BRDA:74,16,1,4
BRDA:89,17,0,0
BRDA:99,18,0,4
BRDA:99,18,1,0
BRDA:99,18,2,0
BRDA:100,19,0,4
BRDA:100,19,1,0
BRDA:104,20,0,4
BRDA:104,20,1,2
BRDA:104,20,2,0
BRDA:121,21,0,0
BRDA:122,22,0,0
BRDA:139,23,0,2
BRDA:139,23,1,1
BRDA:141,24,0,2
BRDA:141,24,1,0
BRDA:141,24,2,0
BRDA:142,25,0,2
BRDA:142,25,1,0
BRDA:150,26,0,1
BRDA:150,26,1,0
BRDA:152,27,0,1
BRDA:152,27,1,0
BRDA:161,28,0,0
BRDA:161,28,1,0
BRDA:161,28,2,0
BRDA:162,29,0,0
BRDA:162,29,1,0
BRDA:170,30,0,0
BRDA:173,31,0,0
BRDA:173,31,1,0
BRDA:174,32,0,0
BRDA:174,32,1,0
BRDA:175,33,0,0
BRDA:175,33,1,0
BRDA:178,34,0,0
BRDA:178,34,1,0
BRDA:178,34,2,0
BRDA:184,35,0,0
BRDA:184,35,1,0
BRDA:185,36,0,0
BRDA:185,36,1,0
BRDA:185,36,2,0
BRDA:187,37,0,0
BRDA:187,37,1,0
BRDA:188,38,0,0
BRDA:188,38,1,0
BRF:75
BRH:24
end_of_record
TN:
SF:utils/checkoutFlowTestHelpers.ts
FN:9,makePaidItem
FN:29,createCheckoutDeps
FN:59,(anonymous_2)
FNF:3
FNH:3
FNDA:32,makePaidItem
FNDA:18,createCheckoutDeps
FNDA:32,(anonymous_2)
DA:6,2
DA:7,2
DA:16,32
DA:32,18
DA:33,18
DA:34,18
DA:36,18
DA:59,32
LF:8
LH:8
BRDA:13,0,0,6
BRDA:14,1,0,27
BRDA:30,2,0,0
BRF:3
BRH:2
end_of_record
TN:
SF:utils/deliveryFee.ts
FN:11,resolveDeliverySettings
FN:21,getCartSubtotal
FN:25,getPaidCartSubtotal
FN:29,getDeliveryFee
FN:38,getPayableTotal
FN:45,getPayableTotalFromItems
FN:52,getFreeDeliveryRemaining
FN:60,hasFreeDelivery
FN:68,hasDeliverySettingsChanged
FNF:9
FNH:6
FNDA:58,resolveDeliverySettings
FNDA:5,getCartSubtotal
FNDA:0,getPaidCartSubtotal
FNDA:7,getDeliveryFee
FNDA:5,getPayableTotal
FNDA:5,getPayableTotalFromItems
FNDA:0,getFreeDeliveryRemaining
FNDA:0,hasFreeDelivery
FNDA:16,hasDeliverySettingsChanged
DA:14,58
DA:22,5
DA:26,0
DA:33,7
DA:34,7
DA:35,7
DA:42,5
DA:49,5
DA:56,0
DA:57,0
DA:64,0
DA:65,0
DA:72,16
DA:73,16
DA:74,16
LF:15
LH:10
BRDA:16,0,0,58
BRDA:16,0,1,1
BRDA:17,1,0,58
BRDA:17,1,1,1
BRDA:21,2,0,0
BRDA:25,3,0,0
BRDA:34,4,0,0
BRDA:34,4,1,7
BRDA:34,5,0,7
BRDA:34,5,1,7
BRDA:35,6,0,6
BRDA:35,6,1,1
BRDA:46,7,0,0
BRDA:75,8,0,16
BRDA:75,8,1,14
BRF:15
BRH:11
end_of_record
TN:
SF:utils/offerMilestones.ts
FN:5,formatOfferAmount
FN:16,buildDeliveryMilestone
FN:28,buildAdminOfferMilestones
FN:32,(anonymous_3)
FN:33,(anonymous_4)
FN:34,(anonymous_5)
FN:45,buildOfferMilestones
FN:53,buildVisibleCartMilestones
FN:64,shouldShowCartPromoIncentive
FN:73,hasDeliveryOnlyUnlocked
FN:100,formatOfferThreshold
FN:105,getDiscountRewardPhrase
FN:121,getFreebieRewardPhrase
FN:141,getOfferLabel
FN:156,getNextMilestone
FN:161,(anonymous_15)
FN:167,(anonymous_16)
FN:168,(anonymous_17)
FN:176,getMaxMilestoneThreshold
FN:181,(anonymous_19)
FNF:20
FNH:13
FNDA:9,formatOfferAmount
FNDA:0,buildDeliveryMilestone
FNDA:2,buildAdminOfferMilestones
FNDA:4,(anonymous_3)
FNDA:2,(anonymous_4)
FNDA:4,(anonymous_5)
FNDA:0,buildOfferMilestones
FNDA:0,buildVisibleCartMilestones
FNDA:0,shouldShowCartPromoIncentive
FNDA:0,hasDeliveryOnlyUnlocked
FNDA:8,formatOfferThreshold
FNDA:6,getDiscountRewardPhrase
FNDA:1,getFreebieRewardPhrase
FNDA:8,getOfferLabel
FNDA:1,getNextMilestone
FNDA:2,(anonymous_15)
FNDA:3,(anonymous_16)
FNDA:2,(anonymous_17)
FNDA:0,getMaxMilestoneThreshold
FNDA:0,(anonymous_19)
DA:6,9
DA:19,0
DA:31,2
DA:32,4
DA:33,2
DA:34,4
DA:49,0
DA:57,0
DA:58,0
DA:59,0
DA:61,0
DA:68,0
DA:69,0
DA:70,0
DA:78,0
DA:101,8
DA:102,8
DA:108,6
DA:110,0
DA:112,0
DA:115,0
DA:118,0
DA:125,1
DA:127,1
DA:128,0
DA:131,1
DA:132,1
DA:137,0
DA:142,8
DA:144,8
DA:145,6
DA:148,2
DA:149,2
DA:150,1
DA:153,1
DA:160,1
DA:161,2
DA:164,1
DA:166,1
DA:167,3
DA:168,2
DA:170,1
DA:180,0
DA:181,0
LF:44
LH:26
BRDA:6,0,0,9
BRDA:6,0,1,0
BRDA:17,1,0,0
BRDA:29,2,0,0
BRDA:38,3,0,2
BRDA:38,3,1,2
BRDA:46,4,0,0
BRDA:47,5,0,0
BRDA:54,6,0,0
BRDA:55,7,0,0
BRDA:58,8,0,0
BRDA:58,8,1,0
BRDA:65,9,0,0
BRDA:69,10,0,0
BRDA:69,10,1,0
BRDA:74,11,0,0
BRDA:76,12,0,0
BRDA:79,13,0,0
BRDA:79,13,1,0
BRDA:101,14,0,0
BRDA:101,14,1,8
BRDA:101,15,0,8
BRDA:101,15,1,8
BRDA:108,16,0,6
BRDA:108,16,1,0
BRDA:110,17,0,0
BRDA:110,17,1,0
BRDA:112,18,0,0
BRDA:112,18,1,0
BRDA:118,19,0,0
BRDA:118,19,1,0
BRDA:125,20,0,1
BRDA:125,20,1,0
BRDA:125,20,2,0
BRDA:127,21,0,0
BRDA:127,21,1,1
BRDA:128,22,0,0
BRDA:128,22,1,0
BRDA:131,23,0,1
BRDA:131,23,1,0
BRDA:132,24,0,1
BRDA:132,24,1,0
BRDA:137,25,0,0
BRDA:137,25,1,0
BRDA:144,26,0,6
BRDA:144,26,1,2
BRDA:144,27,0,8
BRDA:144,27,1,6
BRDA:149,28,0,1
BRDA:149,28,1,1
BRDA:149,29,0,2
BRDA:149,29,1,2
BRDA:164,30,0,0
BRDA:164,30,1,1
BRDA:178,31,0,0
BRDA:180,32,0,0
BRDA:180,32,1,0
BRF:57
BRH:20
end_of_record
TN:
SF:utils/runCheckoutFlow.ts
FN:109,heldProductMessage
FN:115,(anonymous_1)
FN:124,cartDriftMessage
FN:148,runCheckoutFlow
FN:175,(anonymous_4)
FN:186,(anonymous_5)
FN:294,(anonymous_6)
FN:304,(anonymous_7)
FNF:8
FNH:8
FNDA:1,heldProductMessage
FNDA:1,(anonymous_1)
FNDA:2,cartDriftMessage
FNDA:18,runCheckoutFlow
FNDA:7,(anonymous_4)
FNDA:5,(anonymous_5)
FNDA:11,(anonymous_6)
FNDA:2,(anonymous_7)
DA:114,1
DA:116,1
DA:119,1
DA:129,2
DA:130,2
DA:131,2
DA:134,2
DA:136,2
DA:137,0
DA:139,2
DA:140,0
DA:141,0
DA:143,0
DA:145,2
DA:171,18
DA:173,18
DA:175,18
DA:176,7
DA:177,7
DA:178,7
DA:179,7
DA:180,7
DA:186,18
DA:189,5
DA:190,5
DA:193,18
DA:194,18
DA:198,18
DA:200,18
DA:201,18
DA:202,18
DA:203,18
DA:204,17
DA:209,18
DA:210,18
DA:211,18
DA:212,18
DA:213,18
DA:220,18
DA:221,17
DA:224,18
DA:225,18
DA:226,18
DA:227,18
DA:228,18
DA:235,18
DA:236,18
DA:239,18
DA:240,2
DA:249,16
DA:252,16
DA:256,1
DA:265,15
DA:271,1
DA:280,14
DA:284,14
DA:288,14
DA:291,14
DA:292,14
DA:293,11
DA:294,11
DA:297,3
DA:301,3
DA:303,3
DA:304,2
DA:305,2
DA:306,2
DA:311,1
DA:321,1
DA:331,1
DA:335,1
DA:343,11
DA:344,9
DA:346,9
DA:347,9
DA:349,9
DA:350,9
DA:354,9
DA:358,9
DA:360,9
DA:361,1
DA:362,1
DA:374,8
DA:380,2
DA:389,6
DA:390,1
DA:391,1
DA:400,5
DA:401,1
DA:410,4
DA:411,4
DA:421,4
DA:422,4
DA:424,4
DA:431,2
DA:432,2
LF:96
LH:92
BRDA:114,0,0,1
BRDA:114,0,1,0
BRDA:116,1,0,1
BRDA:116,1,1,0
BRDA:119,2,0,1
BRDA:119,2,1,0
BRDA:130,3,0,2
BRDA:130,3,1,0
BRDA:131,4,0,0
BRDA:131,4,1,2
BRDA:136,5,0,0
BRDA:136,5,1,2
BRDA:139,6,0,0
BRDA:139,6,1,2
BRDA:140,7,0,0
BRDA:140,7,1,0
BRDA:156,8,0,0
BRDA:156,9,0,0
BRDA:156,9,1,0
BRDA:157,10,0,0
BRDA:176,11,0,0
BRDA:176,11,1,7
BRDA:195,12,0,18
BRDA:195,12,1,0
BRDA:204,13,0,17
BRDA:204,13,1,0
BRDA:220,14,0,17
BRDA:220,14,1,1
BRDA:220,15,0,18
BRDA:220,15,1,17
BRDA:235,16,0,18
BRDA:235,16,1,0
BRDA:239,17,0,2
BRDA:239,17,1,16
BRDA:249,18,0,16
BRDA:249,18,1,1
BRDA:252,19,0,1
BRDA:252,19,1,15
BRDA:253,20,0,16
BRDA:253,20,1,2
BRDA:265,21,0,1
BRDA:265,21,1,14
BRDA:281,22,0,14
BRDA:281,22,1,0
BRDA:303,23,0,2
BRDA:303,23,1,1
BRDA:303,24,0,3
BRDA:303,24,1,2
BRDA:308,25,0,2
BRDA:308,25,1,0
BRDA:331,26,0,1
BRDA:331,26,1,0
BRDA:331,26,2,0
BRDA:349,27,0,9
BRDA:349,27,1,0
BRDA:360,28,0,1
BRDA:360,28,1,8
BRDA:366,29,0,1
BRDA:366,29,1,0
BRDA:374,30,0,2
BRDA:374,30,1,6
BRDA:375,31,0,8
BRDA:375,31,1,8
BRDA:375,31,2,8
BRDA:375,31,3,6
BRDA:377,32,0,8
BRDA:377,32,1,0
BRDA:378,33,0,6
BRDA:378,33,1,0
BRDA:389,34,0,1
BRDA:389,34,1,5
BRDA:389,35,0,6
BRDA:389,35,1,0
BRDA:400,36,0,1
BRDA:400,36,1,4
BRDA:400,37,0,5
BRDA:400,37,1,0
BRDA:410,38,0,4
BRDA:410,38,1,0
BRDA:410,38,2,0
BRDA:421,39,0,4
BRDA:421,39,1,0
BRF:82
BRH:52
end_of_record
TN:
SF:utils/storeConfig.ts
FN:25,resolveStoreHours
FN:35,resolveDeliveryRadius
FN:47,resolveStoreConfig
FN:57,parseTimeToMinutes
FN:62,getZonedMinutes
FN:70,(anonymous_5)
FN:71,(anonymous_6)
FN:75,isStoreOpen
FN:86,canAcceptOrders
FN:95,formatStoreHoursLabel
FN:100,getStoreClosedMessage
FN:111,getStoreClosedCacheHint
FN:119,getDistanceKm
FN:125,(anonymous_13)
FN:136,checkDeliveryRadius
FN:153,hasStoreConfigChanged
FNF:16
FNH:12
FNDA:135,resolveStoreHours
FNDA:98,resolveDeliveryRadius
FNDA:98,resolveStoreConfig
FNDA:74,parseTimeToMinutes
FNDA:37,getZonedMinutes
FNDA:37,(anonymous_5)
FNDA:111,(anonymous_6)
FNDA:37,isStoreOpen
FNDA:39,canAcceptOrders
FNDA:0,formatStoreHoursLabel
FNDA:3,getStoreClosedMessage
FNDA:2,getStoreClosedCacheHint
FNDA:0,getDistanceKm
FNDA:0,(anonymous_13)
FNDA:0,checkDeliveryRadius
FNDA:17,hasStoreConfigChanged
DA:28,135
DA:38,98
DA:50,98
DA:58,74
DA:59,74
DA:63,37
DA:69,37
DA:70,37
DA:71,111
DA:72,37
DA:79,37
DA:80,37
DA:81,37
DA:82,37
DA:83,37
DA:90,39
DA:91,39
DA:92,35
DA:96,0
DA:97,0
DA:103,3
DA:104,3
DA:105,2
DA:107,1
DA:115,2
DA:116,1
DA:125,0
DA:126,0
DA:127,0
DA:128,0
DA:130,0
DA:132,0
DA:133,0
DA:140,0
DA:141,0
DA:147,0
DA:157,17
DA:158,17
DA:159,17
LF:39
LH:27
BRDA:29,0,0,135
BRDA:29,0,1,3
BRDA:30,1,0,135
BRDA:30,1,1,3
BRDA:31,2,0,135
BRDA:31,2,1,3
BRDA:39,3,0,98
BRDA:39,3,1,4
BRDA:41,4,0,98
BRDA:41,4,1,4
BRDA:43,5,0,98
BRDA:43,5,1,4
BRDA:59,6,0,74
BRDA:59,6,1,0
BRDA:59,7,0,74
BRDA:59,7,1,0
BRDA:70,8,0,37
BRDA:70,8,1,0
BRDA:71,9,0,37
BRDA:71,9,1,0
BRDA:77,10,0,0
BRDA:83,11,0,37
BRDA:83,11,1,34
BRDA:88,12,0,1
BRDA:91,13,0,4
BRDA:91,13,1,35
BRDA:104,14,0,2
BRDA:104,14,1,1
BRDA:115,15,0,1
BRDA:115,15,1,1
BRDA:160,16,0,17
BRDA:160,16,1,16
BRDA:160,16,2,14
BRDA:160,16,3,14
BRDA:160,16,4,14
BRDA:160,16,5,14
BRDA:160,16,6,14
BRF:37
BRH:32
end_of_record
